00:59:14.424 skipping bootstrap configuration: could not find or read file: classpath:karate-config.js
00:59:15.717 request:
1 > POST https://reqres.in/api/users?delay=3
1 > Accept: application/json
1 > Accept-Encoding: gzip,deflate
1 > Connection: Keep-Alive
1 > Content-Length: 34
1 > Content-Type: application/json; charset=UTF-8
1 > Host: reqres.in
1 > User-Agent: Apache-HttpClient/4.5.5 (Java/1.8.0_241)
{"name":"morpheus","job":"leader"}

00:59:19.662 response time in milliseconds: 3941.60
1 < 201
1 < Access-Control-Allow-Origin: *
1 < CF-Cache-Status: DYNAMIC
1 < CF-RAY: 5a88db4f6c5dce3b-LHR
1 < Connection: keep-alive
1 < Content-Length: 84
1 < Content-Type: application/json; charset=utf-8
1 < Date: Wed, 24 Jun 2020 19:29:19 GMT
1 < Etag: W/"54-+udXFaxES7adNoawFkcHSIbLpA4"
1 < Expect-CT: max-age=604800, report-uri="https://report-uri.cloudflare.com/cdn-cgi/beacon/expect-ct"
1 < Server: cloudflare
1 < Set-Cookie: __cfduid=db7c8e86fb587312ea2bd60c9fcde616c1593026956; expires=Fri, 24-Jul-20 19:29:16 GMT; path=/; domain=.reqres.in; HttpOnly; SameSite=Lax; Secure
1 < Via: 1.1 vegur
1 < X-Powered-By: Express
1 < cf-request-id: 03896765a10000ce3bdd30f200000001
{"name":"morpheus","job":"leader","id":"792","createdAt":"2020-06-24T19:29:19.743Z"}

00:59:19.666 [print] {
  "name": "morpheus",
  "job": "leader",
  "id": "792",
  "createdAt": "2020-06-24T19:29:19.743Z"
}

