20:25:33.895 skipping bootstrap configuration: could not find or read file: classpath:karate-config.js
20:25:33.901 request:
1 > GET https://reqres.in/api/users/3
1 > Accept-Encoding: gzip,deflate
1 > Connection: Keep-Alive
1 > Host: reqres.in
1 > User-Agent: Apache-HttpClient/4.5.5 (Java/1.8.0_241)

20:25:34.346 response time in milliseconds: 443.25
1 < 200
1 < Access-Control-Allow-Origin: *
1 < Age: 2437
1 < CF-Cache-Status: HIT
1 < CF-RAY: 5a874a5f899506f1-LHR
1 < Cache-Control: max-age=14400
1 < Connection: keep-alive
1 < Content-Type: application/json; charset=utf-8
1 < Date: Wed, 24 Jun 2020 14:55:34 GMT
1 < Etag: W/"16e-/dQyOreIv6pEupp8RbP+u+utK/A"
1 < Expect-CT: max-age=604800, report-uri="https://report-uri.cloudflare.com/cdn-cgi/beacon/expect-ct"
1 < Server: cloudflare
1 < Set-Cookie: __cfduid=dd1af8f529f274d1810388b9cf13a208d1593010534; expires=Fri, 24-Jul-20 14:55:34 GMT; path=/; domain=.reqres.in; HttpOnly; SameSite=Lax; Secure
1 < Transfer-Encoding: chunked
1 < Vary: Accept-Encoding
1 < Via: 1.1 vegur
1 < X-Powered-By: Express
1 < cf-request-id: 03886ccfb3000006f118bc4200000001
{"data":{"id":3,"email":"emma.wong@reqres.in","first_name":"Emma","last_name":"Wong","avatar":"https://s3.amazonaws.com/uifaces/faces/twitter/olegpogodaev/128.jpg"},"ad":{"company":"StatusCode Weekly","url":"http://statuscode.org/","text":"A weekly newsletter focusing on software development, infrastructure, the server, performance, and the stack end of things."}}

20:25:34.352 [print] {
  "data": {
    "id": 3,
    "email": "emma.wong@reqres.in",
    "first_name": "Emma",
    "last_name": "Wong",
    "avatar": "https://s3.amazonaws.com/uifaces/faces/twitter/olegpogodaev/128.jpg"
  },
  "ad": {
    "company": "StatusCode Weekly",
    "url": "http://statuscode.org/",
    "text": "A weekly newsletter focusing on software development, infrastructure, the server, performance, and the stack end of things."
  }
}

