12:28:50.630 skipping bootstrap configuration: could not find or read file: classpath:karate-config.js
12:28:51.548 request:
1 > GET https://gorest.co.in/public-api/users?first_name=john&status=inactive
1 > Accept-Encoding: gzip,deflate
1 > Authorization: Bearer MdtgQngBl_vIZ9zuV5NNcW1BR7IHlPvhY7KD
1 > Connection: Keep-Alive
1 > Host: gorest.co.in
1 > User-Agent: Apache-HttpClient/4.5.5 (Java/1.8.0_241)

12:28:52.210 response time in milliseconds: 658.96
1 < 200
1 < Connection: keep-alive
1 < Content-Type: application/json; charset=UTF-8
1 < Date: Wed, 24 Jun 2020 06:58:53 GMT
1 < Link: <https://gorest.co.in/public-api/users?first_name=john&status=inactive&page=1>; rel=self
1 < Server: nginx
1 < Set-Cookie: _csrf=5aaf6adda3563e179ea5e489bbf8d56a3e93215cd704152795cda9e532a47d9ca%3A2%3A%7Bi%3A0%3Bs%3A5%3A%22_csrf%22%3Bi%3A1%3Bs%3A32%3A%22cJZczG-sGFDSHq8SeaDQtHfDDTK7Kqy-%22%3B%7D; path=/; HttpOnly
1 < Transfer-Encoding: chunked
1 < Vary: [Accept-Encoding, Accept]
1 < X-Frame-Options: sameorigin
1 < X-Pagination-Current-Page: 1
1 < X-Pagination-Page-Count: 1
1 < X-Pagination-Per-Page: 20
1 < X-Pagination-Total-Count: 2
1 < X-Rate-Limit-Limit: 30
1 < X-Rate-Limit-Remaining: 29
1 < X-Rate-Limit-Reset: 2
{"_meta":{"success":true,"code":200,"message":"OK. Everything worked as expected.","totalCount":2,"pageCount":1,"currentPage":1,"perPage":20,"rateLimit":{"limit":30,"remaining":29,"reset":2}},"result":[{"id":"29222","first_name":"Johnnie","last_name":"Williamson","gender":"male","dob":"1947-07-29","email":"tcummings@example.org","phone":"528.224.8355 x56333","website":"https://roberts.com/est-sint-non-temporibus-delectus-esse-totam-dolor.html","address":"9887 Furman Crescent Suite 222\nDickinsonfurt, KS 04599","status":"inactive","_links":{"self":{"href":"https://gorest.co.in/public-api/users/29222"},"edit":{"href":"https://gorest.co.in/public-api/users/29222"},"avatar":{"href":"https://lorempixel.com/250/250/people/?69123"}}},{"id":"30476","first_name":"Johnson","last_name":"Hettinger","gender":"male","dob":"1942-12-17","email":"maye.olson@example.net","phone":"(532) 240-5733","website":"http://oconner.com/consequatur-natus-fugiat-rerum-quidem","address":"95161 Zelda Ridges Suite 914\nWunschchester, MT 77804","status":"inactive","_links":{"self":{"href":"https://gorest.co.in/public-api/users/30476"},"edit":{"href":"https://gorest.co.in/public-api/users/30476"},"avatar":{"href":"https://lorempixel.com/250/250/people/?62396"}}}]}


