22:25:32.322 [ForkJoinPool-1-worker-1] WARN  com.intuit.karate - skipping bootstrap configuration: could not find or read file: classpath:karate-config.js
22:25:32.322 [ForkJoinPool-1-worker-2] WARN  com.intuit.karate - skipping bootstrap configuration: could not find or read file: classpath:karate-config.js
22:25:33.925 [ForkJoinPool-1-worker-1] DEBUG com.intuit.karate - request:
1 > GET https://reqres.in/api/users/2
1 > Accept-Encoding: gzip,deflate
1 > Connection: Keep-Alive
1 > Host: reqres.in
1 > User-Agent: Apache-HttpClient/4.5.5 (Java/1.8.0_241)

22:25:33.925 [ForkJoinPool-1-worker-2] DEBUG com.intuit.karate - request:
1 > GET https://reqres.in/api/users/2
1 > Accept-Encoding: gzip,deflate
1 > Connection: Keep-Alive
1 > Host: reqres.in
1 > User-Agent: Apache-HttpClient/4.5.5 (Java/1.8.0_241)

22:25:35.538 [ForkJoinPool-1-worker-1] DEBUG com.intuit.karate - response time in milliseconds: 1606.01
1 < 200
1 < Access-Control-Allow-Origin: *
1 < Age: 2941
1 < CF-Cache-Status: HIT
1 < CF-RAY: 5a87fa2f189fbba6-LHR
1 < Cache-Control: max-age=14400
1 < Connection: keep-alive
1 < Content-Type: application/json; charset=utf-8
1 < Date: Wed, 24 Jun 2020 16:55:35 GMT
1 < Etag: W/"173-1Z8bn0V7UjH6FK7NCaza1ccWXQk"
1 < Expect-CT: max-age=604800, report-uri="https://report-uri.cloudflare.com/cdn-cgi/beacon/expect-ct"
1 < Server: cloudflare
1 < Set-Cookie: __cfduid=da0f2905f83a59ad7a6bc0f67906174df1593017735; expires=Fri, 24-Jul-20 16:55:35 GMT; path=/; domain=.reqres.in; HttpOnly; SameSite=Lax; Secure
1 < Transfer-Encoding: chunked
1 < Vary: Accept-Encoding
1 < Via: 1.1 vegur
1 < X-Powered-By: Express
1 < cf-request-id: 0388dab1700000bba6c6b76200000001
{"data":{"id":2,"email":"janet.weaver@reqres.in","first_name":"Janet","last_name":"Weaver","avatar":"https://s3.amazonaws.com/uifaces/faces/twitter/josephstein/128.jpg"},"ad":{"company":"StatusCode Weekly","url":"http://statuscode.org/","text":"A weekly newsletter focusing on software development, infrastructure, the server, performance, and the stack end of things."}}

22:25:35.541 [ForkJoinPool-1-worker-2] DEBUG com.intuit.karate - response time in milliseconds: 1605.72
1 < 200
1 < Access-Control-Allow-Origin: *
1 < Age: 2941
1 < CF-Cache-Status: HIT
1 < CF-RAY: 5a87fa2f1f1a067a-LHR
1 < Cache-Control: max-age=14400
1 < Connection: keep-alive
1 < Content-Type: application/json; charset=utf-8
1 < Date: Wed, 24 Jun 2020 16:55:35 GMT
1 < Etag: W/"173-1Z8bn0V7UjH6FK7NCaza1ccWXQk"
1 < Expect-CT: max-age=604800, report-uri="https://report-uri.cloudflare.com/cdn-cgi/beacon/expect-ct"
1 < Server: cloudflare
1 < Set-Cookie: __cfduid=deb8daadfc1b7d4bdda0a40d5fd0e9d281593017735; expires=Fri, 24-Jul-20 16:55:35 GMT; path=/; domain=.reqres.in; HttpOnly; SameSite=Lax; Secure
1 < Transfer-Encoding: chunked
1 < Vary: Accept-Encoding
1 < Via: 1.1 vegur
1 < X-Powered-By: Express
1 < cf-request-id: 0388dab1720000067a0c835200000001
{"data":{"id":2,"email":"janet.weaver@reqres.in","first_name":"Janet","last_name":"Weaver","avatar":"https://s3.amazonaws.com/uifaces/faces/twitter/josephstein/128.jpg"},"ad":{"company":"StatusCode Weekly","url":"http://statuscode.org/","text":"A weekly newsletter focusing on software development, infrastructure, the server, performance, and the stack end of things."}}

22:25:35.542 [ForkJoinPool-1-worker-1] INFO  com.intuit.karate - [print] {
  "data": {
    "id": 2,
    "email": "janet.weaver@reqres.in",
    "first_name": "Janet",
    "last_name": "Weaver",
    "avatar": "https://s3.amazonaws.com/uifaces/faces/twitter/josephstein/128.jpg"
  },
  "ad": {
    "company": "StatusCode Weekly",
    "url": "http://statuscode.org/",
    "text": "A weekly newsletter focusing on software development, infrastructure, the server, performance, and the stack end of things."
  }
}

22:25:35.544 [ForkJoinPool-1-worker-2] INFO  com.intuit.karate - [print] {
  "data": {
    "id": 2,
    "email": "janet.weaver@reqres.in",
    "first_name": "Janet",
    "last_name": "Weaver",
    "avatar": "https://s3.amazonaws.com/uifaces/faces/twitter/josephstein/128.jpg"
  },
  "ad": {
    "company": "StatusCode Weekly",
    "url": "http://statuscode.org/",
    "text": "A weekly newsletter focusing on software development, infrastructure, the server, performance, and the stack end of things."
  }
}

22:25:35.597 [ForkJoinPool-1-worker-1] DEBUG com.intuit.karate - request:
1 > GET https://reqres.in/api/users/3
1 > Accept-Encoding: gzip,deflate
1 > Connection: Keep-Alive
1 > Host: reqres.in
1 > User-Agent: Apache-HttpClient/4.5.5 (Java/1.8.0_241)

22:25:35.896 [pool-1-thread-1] INFO  com.intuit.karate.Runner - <<pass>> feature 1 of 2: src/main/java/com/an/qa/Features/userDetails1.feature
22:25:36.069 [ForkJoinPool-1-worker-1] DEBUG com.intuit.karate - response time in milliseconds: 470.92
1 < 200
1 < Access-Control-Allow-Origin: *
1 < Age: 1405
1 < CF-Cache-Status: HIT
1 < CF-RAY: 5a87fa327b05e624-LHR
1 < Cache-Control: max-age=14400
1 < Connection: keep-alive
1 < Content-Type: application/json; charset=utf-8
1 < Date: Wed, 24 Jun 2020 16:55:36 GMT
1 < Etag: W/"16e-/dQyOreIv6pEupp8RbP+u+utK/A"
1 < Expect-CT: max-age=604800, report-uri="https://report-uri.cloudflare.com/cdn-cgi/beacon/expect-ct"
1 < Server: cloudflare
1 < Set-Cookie: __cfduid=d02440219305b6dd59db44b4071ab94cf1593017736; expires=Fri, 24-Jul-20 16:55:36 GMT; path=/; domain=.reqres.in; HttpOnly; SameSite=Lax; Secure
1 < Transfer-Encoding: chunked
1 < Vary: Accept-Encoding
1 < Via: 1.1 vegur
1 < X-Powered-By: Express
1 < cf-request-id: 0388dab38e0000e624f52e3200000001
{"data":{"id":3,"email":"emma.wong@reqres.in","first_name":"Emma","last_name":"Wong","avatar":"https://s3.amazonaws.com/uifaces/faces/twitter/olegpogodaev/128.jpg"},"ad":{"company":"StatusCode Weekly","url":"http://statuscode.org/","text":"A weekly newsletter focusing on software development, infrastructure, the server, performance, and the stack end of things."}}

22:25:36.072 [ForkJoinPool-1-worker-1] INFO  com.intuit.karate - [print] {
  "data": {
    "id": 3,
    "email": "emma.wong@reqres.in",
    "first_name": "Emma",
    "last_name": "Wong",
    "avatar": "https://s3.amazonaws.com/uifaces/faces/twitter/olegpogodaev/128.jpg"
  },
  "ad": {
    "company": "StatusCode Weekly",
    "url": "http://statuscode.org/",
    "text": "A weekly newsletter focusing on software development, infrastructure, the server, performance, and the stack end of things."
  }
}

22:25:36.119 [ForkJoinPool-1-worker-1] INFO  com.intuit.karate - [print] results====> {
  "__arg": null,
  "responseHeaders": {
    "Date": [
      "Wed, 24 Jun 2020 16:55:35 GMT"
    ],
    "Content-Type": [
      "application/json; charset=utf-8"
    ],
    "Transfer-Encoding": [
      "chunked"
    ],
    "Connection": [
      "keep-alive"
    ],
    "Set-Cookie": [
      "__cfduid=da0f2905f83a59ad7a6bc0f67906174df1593017735; expires=Fri, 24-Jul-20 16:55:35 GMT; path=/; domain=.reqres.in; HttpOnly; SameSite=Lax; Secure"
    ],
    "X-Powered-By": [
      "Express"
    ],
    "Access-Control-Allow-Origin": [
      "*"
    ],
    "Etag": [
      "W/\"173-1Z8bn0V7UjH6FK7NCaza1ccWXQk\""
    ],
    "Via": [
      "1.1 vegur"
    ],
    "Cache-Control": [
      "max-age=14400"
    ],
    "CF-Cache-Status": [
      "HIT"
    ],
    "Age": [
      "2941"
    ],
    "cf-request-id": [
      "0388dab1700000bba6c6b76200000001"
    ],
    "Expect-CT": [
      "max-age=604800, report-uri=\"https://report-uri.cloudflare.com/cdn-cgi/beacon/expect-ct\""
    ],
    "Vary": [
      "Accept-Encoding"
    ],
    "Server": [
      "cloudflare"
    ],
    "CF-RAY": [
      "5a87fa2f189fbba6-LHR"
    ]
  },
  "responseTime": 1606,
  "response": {
    "data": {
      "id": 2,
      "email": "janet.weaver@reqres.in",
      "first_name": "Janet",
      "last_name": "Weaver",
      "avatar": "https://s3.amazonaws.com/uifaces/faces/twitter/josephstein/128.jpg"
    },
    "ad": {
      "company": "StatusCode Weekly",
      "url": "http://statuscode.org/",
      "text": "A weekly newsletter focusing on software development, infrastructure, the server, performance, and the stack end of things."
    }
  },
  "requestTimeStamp": 1593017733926,
  "expectedOutput": [
    {
      "data": {
        "id": 2,
        "email": "janet.weaver@reqres.in",
        "first_name": "Janet",
        "last_name": "Weaver",
        "avatar": "https://s3.amazonaws.com/uifaces/faces/twitter/josephstein/128.jpg"
      },
      "ad": {
        "company": "StatusCode Weekly",
        "url": "http://statuscode.org/",
        "text": "A weekly newsletter focusing on software development, infrastructure, the server, performance, and the stack end of things."
      }
    },
    {
      "data": {
        "id": 3,
        "email": "emma.wong@reqres.in",
        "first_name": "Emma",
        "last_name": "Wong",
        "avatar": "https://s3.amazonaws.com/uifaces/faces/twitter/olegpogodaev/128.jpg"
      },
      "ad": {
        "company": "StatusCode Weekly",
        "url": "http://statuscode.org/",
        "text": "A weekly newsletter focusing on software development, infrastructure, the server, performance, and the stack end of things."
      }
    }
  ],
  "responseStatus": 200,
  "__loop": -1,
  "responseCookies": {
    "__cfduid": {
      "name": "__cfduid",
      "value": "da0f2905f83a59ad7a6bc0f67906174df1593017735",
      "domain": "reqres.in",
      "path": "/",
      "expires": "1595609735000",
      "persistent": "true",
      "secure": "true"
    }
  }
}

22:25:36.177 [ForkJoinPool-1-worker-1] INFO  com.intuit.karate - [print] print first name Janet
22:25:36.185 [pool-1-thread-2] INFO  com.intuit.karate.Runner - <<pass>> feature 2 of 2: src/main/java/com/an/qa/Features/userDetails2.feature
22:59:11.082 [ForkJoinPool-1-worker-2] WARN  com.intuit.karate - skipping bootstrap configuration: could not find or read file: classpath:karate-config.js
22:59:11.082 [ForkJoinPool-1-worker-1] WARN  com.intuit.karate - skipping bootstrap configuration: could not find or read file: classpath:karate-config.js
22:59:19.176 [ForkJoinPool-1-worker-1] DEBUG com.intuit.karate - request:
1 > GET https://reqres.in/api/users/2
1 > Accept-Encoding: gzip,deflate
1 > Connection: Keep-Alive
1 > Host: reqres.in
1 > User-Agent: Apache-HttpClient/4.5.5 (Java/1.8.0_241)

22:59:19.176 [ForkJoinPool-1-worker-2] DEBUG com.intuit.karate - request:
1 > GET https://reqres.in/api/users/2
1 > Accept-Encoding: gzip,deflate
1 > Connection: Keep-Alive
1 > Host: reqres.in
1 > User-Agent: Apache-HttpClient/4.5.5 (Java/1.8.0_241)

22:59:22.003 [ForkJoinPool-1-worker-2] DEBUG com.intuit.karate - response time in milliseconds: 2774.64
1 < 200
1 < Access-Control-Allow-Origin: *
1 < Age: 2040
1 < CF-Cache-Status: HIT
1 < CF-RAY: 5a882ba71c050000-SIN
1 < Cache-Control: max-age=14400
1 < Connection: keep-alive
1 < Content-Type: application/json; charset=utf-8
1 < Date: Wed, 24 Jun 2020 17:29:21 GMT
1 < Etag: W/"173-1Z8bn0V7UjH6FK7NCaza1ccWXQk"
1 < Expect-CT: max-age=604800, report-uri="https://report-uri.cloudflare.com/cdn-cgi/beacon/expect-ct"
1 < Server: cloudflare
1 < Set-Cookie: __cfduid=dffc6139bf68ce28d3c3590bbe83d31bc1593019761; expires=Fri, 24-Jul-20 17:29:21 GMT; path=/; domain=.reqres.in; HttpOnly; SameSite=Lax; Secure
1 < Transfer-Encoding: chunked
1 < Vary: Accept-Encoding
1 < Via: 1.1 vegur
1 < X-Powered-By: Express
1 < cf-request-id: 0388f99c6c00010107120f0200000001
{"data":{"id":2,"email":"janet.weaver@reqres.in","first_name":"Janet","last_name":"Weaver","avatar":"https://s3.amazonaws.com/uifaces/faces/twitter/josephstein/128.jpg"},"ad":{"company":"StatusCode Weekly","url":"http://statuscode.org/","text":"A weekly newsletter focusing on software development, infrastructure, the server, performance, and the stack end of things."}}

22:59:22.003 [ForkJoinPool-1-worker-1] DEBUG com.intuit.karate - response time in milliseconds: 2774.70
1 < 200
1 < Access-Control-Allow-Origin: *
1 < Age: 2040
1 < CF-Cache-Status: HIT
1 < CF-RAY: 5a882ba71806dd2e-SIN
1 < Cache-Control: max-age=14400
1 < Connection: keep-alive
1 < Content-Type: application/json; charset=utf-8
1 < Date: Wed, 24 Jun 2020 17:29:21 GMT
1 < Etag: W/"173-1Z8bn0V7UjH6FK7NCaza1ccWXQk"
1 < Expect-CT: max-age=604800, report-uri="https://report-uri.cloudflare.com/cdn-cgi/beacon/expect-ct"
1 < Server: cloudflare
1 < Set-Cookie: __cfduid=d1c608a3e19d6878148456182d455eaf21593019761; expires=Fri, 24-Jul-20 17:29:21 GMT; path=/; domain=.reqres.in; HttpOnly; SameSite=Lax; Secure
1 < Transfer-Encoding: chunked
1 < Vary: Accept-Encoding
1 < Via: 1.1 vegur
1 < X-Powered-By: Express
1 < cf-request-id: 0388f99c6c0000dd2e9ab78200000001
{"data":{"id":2,"email":"janet.weaver@reqres.in","first_name":"Janet","last_name":"Weaver","avatar":"https://s3.amazonaws.com/uifaces/faces/twitter/josephstein/128.jpg"},"ad":{"company":"StatusCode Weekly","url":"http://statuscode.org/","text":"A weekly newsletter focusing on software development, infrastructure, the server, performance, and the stack end of things."}}

22:59:22.010 [ForkJoinPool-1-worker-1] INFO  com.intuit.karate - [print] {
  "data": {
    "id": 2,
    "email": "janet.weaver@reqres.in",
    "first_name": "Janet",
    "last_name": "Weaver",
    "avatar": "https://s3.amazonaws.com/uifaces/faces/twitter/josephstein/128.jpg"
  },
  "ad": {
    "company": "StatusCode Weekly",
    "url": "http://statuscode.org/",
    "text": "A weekly newsletter focusing on software development, infrastructure, the server, performance, and the stack end of things."
  }
}

22:59:22.026 [ForkJoinPool-1-worker-2] INFO  com.intuit.karate - [print] {
  "data": {
    "id": 2,
    "email": "janet.weaver@reqres.in",
    "first_name": "Janet",
    "last_name": "Weaver",
    "avatar": "https://s3.amazonaws.com/uifaces/faces/twitter/josephstein/128.jpg"
  },
  "ad": {
    "company": "StatusCode Weekly",
    "url": "http://statuscode.org/",
    "text": "A weekly newsletter focusing on software development, infrastructure, the server, performance, and the stack end of things."
  }
}

22:59:23.492 [pool-1-thread-1] INFO  com.intuit.karate.Runner - <<pass>> feature 1 of 2: src/main/java/com/an/qa/Features/userDetails1.feature
23:03:48.386 [ForkJoinPool-1-worker-2] WARN  com.intuit.karate - skipping bootstrap configuration: could not find or read file: classpath:karate-config.js
23:03:48.386 [ForkJoinPool-1-worker-1] WARN  com.intuit.karate - skipping bootstrap configuration: could not find or read file: classpath:karate-config.js
23:03:49.494 [ForkJoinPool-1-worker-1] DEBUG com.intuit.karate - request:
1 > GET https://reqres.in/api/users/2
1 > Accept-Encoding: gzip,deflate
1 > Connection: Keep-Alive
1 > Host: reqres.in
1 > User-Agent: Apache-HttpClient/4.5.5 (Java/1.8.0_241)

23:03:49.494 [ForkJoinPool-1-worker-2] DEBUG com.intuit.karate - request:
1 > GET https://reqres.in/api/users/2
1 > Accept-Encoding: gzip,deflate
1 > Connection: Keep-Alive
1 > Host: reqres.in
1 > User-Agent: Apache-HttpClient/4.5.5 (Java/1.8.0_241)

23:03:51.350 [ForkJoinPool-1-worker-1] DEBUG com.intuit.karate - response time in milliseconds: 1845.92
1 < 200
1 < Access-Control-Allow-Origin: *
1 < Age: 2310
1 < CF-Cache-Status: HIT
1 < CF-RAY: 5a88323c4dddd9c8-SIN
1 < Cache-Control: max-age=14400
1 < Connection: keep-alive
1 < Content-Type: application/json; charset=utf-8
1 < Date: Wed, 24 Jun 2020 17:33:51 GMT
1 < Etag: W/"173-1Z8bn0V7UjH6FK7NCaza1ccWXQk"
1 < Expect-CT: max-age=604800, report-uri="https://report-uri.cloudflare.com/cdn-cgi/beacon/expect-ct"
1 < Server: cloudflare
1 < Set-Cookie: __cfduid=dc3637b63bce5a55ac62d226dbc23de161593020031; expires=Fri, 24-Jul-20 17:33:51 GMT; path=/; domain=.reqres.in; HttpOnly; SameSite=Lax; Secure
1 < Transfer-Encoding: chunked
1 < Vary: Accept-Encoding
1 < Via: 1.1 vegur
1 < X-Powered-By: Express
1 < cf-request-id: 0388fdb9ac0000d9c89d8a8200000001
{"data":{"id":2,"email":"janet.weaver@reqres.in","first_name":"Janet","last_name":"Weaver","avatar":"https://s3.amazonaws.com/uifaces/faces/twitter/josephstein/128.jpg"},"ad":{"company":"StatusCode Weekly","url":"http://statuscode.org/","text":"A weekly newsletter focusing on software development, infrastructure, the server, performance, and the stack end of things."}}

23:03:51.361 [ForkJoinPool-1-worker-2] DEBUG com.intuit.karate - response time in milliseconds: 1845.94
1 < 200
1 < Access-Control-Allow-Origin: *
1 < Age: 2310
1 < CF-Cache-Status: HIT
1 < CF-RAY: 5a88323c196dcbe0-SIN
1 < Cache-Control: max-age=14400
1 < Connection: keep-alive
1 < Content-Type: application/json; charset=utf-8
1 < Date: Wed, 24 Jun 2020 17:33:51 GMT
1 < Etag: W/"173-1Z8bn0V7UjH6FK7NCaza1ccWXQk"
1 < Expect-CT: max-age=604800, report-uri="https://report-uri.cloudflare.com/cdn-cgi/beacon/expect-ct"
1 < Server: cloudflare
1 < Set-Cookie: __cfduid=da5514b0be2201f52a13a4458d94cb3011593020031; expires=Fri, 24-Jul-20 17:33:51 GMT; path=/; domain=.reqres.in; HttpOnly; SameSite=Lax; Secure
1 < Transfer-Encoding: chunked
1 < Vary: Accept-Encoding
1 < Via: 1.1 vegur
1 < X-Powered-By: Express
1 < cf-request-id: 0388fdb9920000cbe0609a5200000001
{"data":{"id":2,"email":"janet.weaver@reqres.in","first_name":"Janet","last_name":"Weaver","avatar":"https://s3.amazonaws.com/uifaces/faces/twitter/josephstein/128.jpg"},"ad":{"company":"StatusCode Weekly","url":"http://statuscode.org/","text":"A weekly newsletter focusing on software development, infrastructure, the server, performance, and the stack end of things."}}

23:03:51.365 [ForkJoinPool-1-worker-1] INFO  com.intuit.karate - [print] {
  "data": {
    "id": 2,
    "email": "janet.weaver@reqres.in",
    "first_name": "Janet",
    "last_name": "Weaver",
    "avatar": "https://s3.amazonaws.com/uifaces/faces/twitter/josephstein/128.jpg"
  },
  "ad": {
    "company": "StatusCode Weekly",
    "url": "http://statuscode.org/",
    "text": "A weekly newsletter focusing on software development, infrastructure, the server, performance, and the stack end of things."
  }
}

23:03:51.381 [ForkJoinPool-1-worker-2] INFO  com.intuit.karate - [print] {
  "data": {
    "id": 2,
    "email": "janet.weaver@reqres.in",
    "first_name": "Janet",
    "last_name": "Weaver",
    "avatar": "https://s3.amazonaws.com/uifaces/faces/twitter/josephstein/128.jpg"
  },
  "ad": {
    "company": "StatusCode Weekly",
    "url": "http://statuscode.org/",
    "text": "A weekly newsletter focusing on software development, infrastructure, the server, performance, and the stack end of things."
  }
}

23:03:51.495 [pool-1-thread-1] INFO  com.intuit.karate.Runner - <<pass>> feature 1 of 2: src/main/java/com/an/qa/Features/userDetails1.feature
23:06:51.384 [ForkJoinPool-1-worker-2] WARN  com.intuit.karate - skipping bootstrap configuration: could not find or read file: classpath:karate-config.js
23:06:51.384 [ForkJoinPool-1-worker-1] WARN  com.intuit.karate - skipping bootstrap configuration: could not find or read file: classpath:karate-config.js
23:06:52.271 [ForkJoinPool-1-worker-2] DEBUG com.intuit.karate - request:
1 > GET https://reqres.in/api/users/2
1 > Accept-Encoding: gzip,deflate
1 > Connection: Keep-Alive
1 > Host: reqres.in
1 > User-Agent: Apache-HttpClient/4.5.5 (Java/1.8.0_241)

23:06:52.271 [ForkJoinPool-1-worker-1] DEBUG com.intuit.karate - request:
1 > GET https://reqres.in/api/users/2
1 > Accept-Encoding: gzip,deflate
1 > Connection: Keep-Alive
1 > Host: reqres.in
1 > User-Agent: Apache-HttpClient/4.5.5 (Java/1.8.0_241)

23:06:53.428 [ForkJoinPool-1-worker-2] DEBUG com.intuit.karate - response time in milliseconds: 1152.18
1 < 200
1 < Access-Control-Allow-Origin: *
1 < Age: 5419
1 < CF-Cache-Status: HIT
1 < CF-RAY: 5a8836aded1ef3f3-LHR
1 < Cache-Control: max-age=14400
1 < Connection: keep-alive
1 < Content-Type: application/json; charset=utf-8
1 < Date: Wed, 24 Jun 2020 17:36:53 GMT
1 < Etag: W/"173-1Z8bn0V7UjH6FK7NCaza1ccWXQk"
1 < Expect-CT: max-age=604800, report-uri="https://report-uri.cloudflare.com/cdn-cgi/beacon/expect-ct"
1 < Server: cloudflare
1 < Set-Cookie: __cfduid=dc50d0fc97657284f774711f3984684041593020213; expires=Fri, 24-Jul-20 17:36:53 GMT; path=/; domain=.reqres.in; HttpOnly; SameSite=Lax; Secure
1 < Transfer-Encoding: chunked
1 < Vary: Accept-Encoding
1 < Via: 1.1 vegur
1 < X-Powered-By: Express
1 < cf-request-id: 03890080b00000f3f34c0e2200000001
{"data":{"id":2,"email":"janet.weaver@reqres.in","first_name":"Janet","last_name":"Weaver","avatar":"https://s3.amazonaws.com/uifaces/faces/twitter/josephstein/128.jpg"},"ad":{"company":"StatusCode Weekly","url":"http://statuscode.org/","text":"A weekly newsletter focusing on software development, infrastructure, the server, performance, and the stack end of things."}}

23:06:53.432 [ForkJoinPool-1-worker-2] INFO  com.intuit.karate - [print] {
  "data": {
    "id": 2,
    "email": "janet.weaver@reqres.in",
    "first_name": "Janet",
    "last_name": "Weaver",
    "avatar": "https://s3.amazonaws.com/uifaces/faces/twitter/josephstein/128.jpg"
  },
  "ad": {
    "company": "StatusCode Weekly",
    "url": "http://statuscode.org/",
    "text": "A weekly newsletter focusing on software development, infrastructure, the server, performance, and the stack end of things."
  }
}

23:06:53.616 [ForkJoinPool-1-worker-1] DEBUG com.intuit.karate - response time in milliseconds: 1342.34
1 < 200
1 < Access-Control-Allow-Origin: *
1 < Age: 5419
1 < CF-Cache-Status: HIT
1 < CF-RAY: 5a8836af5d30ce8f-LHR
1 < Cache-Control: max-age=14400
1 < Connection: keep-alive
1 < Content-Type: application/json; charset=utf-8
1 < Date: Wed, 24 Jun 2020 17:36:53 GMT
1 < Etag: W/"173-1Z8bn0V7UjH6FK7NCaza1ccWXQk"
1 < Expect-CT: max-age=604800, report-uri="https://report-uri.cloudflare.com/cdn-cgi/beacon/expect-ct"
1 < Server: cloudflare
1 < Set-Cookie: __cfduid=d9a47b591fff1078bf99050f9dc51455e1593020213; expires=Fri, 24-Jul-20 17:36:53 GMT; path=/; domain=.reqres.in; HttpOnly; SameSite=Lax; Secure
1 < Transfer-Encoding: chunked
1 < Vary: Accept-Encoding
1 < Via: 1.1 vegur
1 < X-Powered-By: Express
1 < cf-request-id: 03890081970000ce8f34871200000001
{"data":{"id":2,"email":"janet.weaver@reqres.in","first_name":"Janet","last_name":"Weaver","avatar":"https://s3.amazonaws.com/uifaces/faces/twitter/josephstein/128.jpg"},"ad":{"company":"StatusCode Weekly","url":"http://statuscode.org/","text":"A weekly newsletter focusing on software development, infrastructure, the server, performance, and the stack end of things."}}

23:06:53.620 [ForkJoinPool-1-worker-1] INFO  com.intuit.karate - [print] {
  "data": {
    "id": 2,
    "email": "janet.weaver@reqres.in",
    "first_name": "Janet",
    "last_name": "Weaver",
    "avatar": "https://s3.amazonaws.com/uifaces/faces/twitter/josephstein/128.jpg"
  },
  "ad": {
    "company": "StatusCode Weekly",
    "url": "http://statuscode.org/",
    "text": "A weekly newsletter focusing on software development, infrastructure, the server, performance, and the stack end of things."
  }
}

23:06:53.731 [pool-1-thread-1] INFO  com.intuit.karate.Runner - <<pass>> feature 1 of 2: src/main/java/com/an/qa/Features/userDetails1.feature
23:09:15.566 [ForkJoinPool-1-worker-1] WARN  com.intuit.karate - skipping bootstrap configuration: could not find or read file: classpath:karate-config.js
23:09:16.458 [ForkJoinPool-1-worker-1] DEBUG com.intuit.karate - request:
1 > GET https://reqres.in/api/users/2
1 > Accept-Encoding: gzip,deflate
1 > Connection: Keep-Alive
1 > Host: reqres.in
1 > User-Agent: Apache-HttpClient/4.5.5 (Java/1.8.0_241)

23:09:17.739 [ForkJoinPool-1-worker-1] DEBUG com.intuit.karate - response time in milliseconds: 1259.88
1 < 200
1 < Access-Control-Allow-Origin: *
1 < Age: 5563
1 < CF-Cache-Status: HIT
1 < CF-RAY: 5a883a33bd5f0686-LHR
1 < Cache-Control: max-age=14400
1 < Connection: keep-alive
1 < Content-Type: application/json; charset=utf-8
1 < Date: Wed, 24 Jun 2020 17:39:17 GMT
1 < Etag: W/"173-1Z8bn0V7UjH6FK7NCaza1ccWXQk"
1 < Expect-CT: max-age=604800, report-uri="https://report-uri.cloudflare.com/cdn-cgi/beacon/expect-ct"
1 < Server: cloudflare
1 < Set-Cookie: __cfduid=dc275ca3a104fef521f29fdbd7a1334671593020357; expires=Fri, 24-Jul-20 17:39:17 GMT; path=/; domain=.reqres.in; HttpOnly; SameSite=Lax; Secure
1 < Transfer-Encoding: chunked
1 < Vary: Accept-Encoding
1 < Via: 1.1 vegur
1 < X-Powered-By: Express
1 < cf-request-id: 038902b4560000068677976200000001
{"data":{"id":2,"email":"janet.weaver@reqres.in","first_name":"Janet","last_name":"Weaver","avatar":"https://s3.amazonaws.com/uifaces/faces/twitter/josephstein/128.jpg"},"ad":{"company":"StatusCode Weekly","url":"http://statuscode.org/","text":"A weekly newsletter focusing on software development, infrastructure, the server, performance, and the stack end of things."}}

23:09:17.742 [ForkJoinPool-1-worker-1] INFO  com.intuit.karate - [print] {
  "data": {
    "id": 2,
    "email": "janet.weaver@reqres.in",
    "first_name": "Janet",
    "last_name": "Weaver",
    "avatar": "https://s3.amazonaws.com/uifaces/faces/twitter/josephstein/128.jpg"
  },
  "ad": {
    "company": "StatusCode Weekly",
    "url": "http://statuscode.org/",
    "text": "A weekly newsletter focusing on software development, infrastructure, the server, performance, and the stack end of things."
  }
}

23:09:17.789 [ForkJoinPool-1-worker-1] DEBUG com.intuit.karate - request:
1 > GET https://reqres.in/api/users/2
1 > Accept-Encoding: gzip,deflate
1 > Connection: Keep-Alive
1 > Host: reqres.in
1 > User-Agent: Apache-HttpClient/4.5.5 (Java/1.8.0_241)

23:09:18.316 [ForkJoinPool-1-worker-1] DEBUG com.intuit.karate - response time in milliseconds: 526.32
1 < 200
1 < Access-Control-Allow-Origin: *
1 < Age: 5564
1 < CF-Cache-Status: HIT
1 < CF-RAY: 5a883a376e0c06c9-LHR
1 < Cache-Control: max-age=14400
1 < Connection: keep-alive
1 < Content-Type: application/json; charset=utf-8
1 < Date: Wed, 24 Jun 2020 17:39:18 GMT
1 < Etag: W/"173-1Z8bn0V7UjH6FK7NCaza1ccWXQk"
1 < Expect-CT: max-age=604800, report-uri="https://report-uri.cloudflare.com/cdn-cgi/beacon/expect-ct"
1 < Server: cloudflare
1 < Set-Cookie: __cfduid=de9e9cbd681106fa8ba86fbb42e84b9fb1593020358; expires=Fri, 24-Jul-20 17:39:18 GMT; path=/; domain=.reqres.in; HttpOnly; SameSite=Lax; Secure
1 < Transfer-Encoding: chunked
1 < Vary: Accept-Encoding
1 < Via: 1.1 vegur
1 < X-Powered-By: Express
1 < cf-request-id: 038902b6a4000006c977195200000001
{"data":{"id":2,"email":"janet.weaver@reqres.in","first_name":"Janet","last_name":"Weaver","avatar":"https://s3.amazonaws.com/uifaces/faces/twitter/josephstein/128.jpg"},"ad":{"company":"StatusCode Weekly","url":"http://statuscode.org/","text":"A weekly newsletter focusing on software development, infrastructure, the server, performance, and the stack end of things."}}

23:09:18.317 [ForkJoinPool-1-worker-1] INFO  com.intuit.karate - [print] {
  "data": {
    "id": 2,
    "email": "janet.weaver@reqres.in",
    "first_name": "Janet",
    "last_name": "Weaver",
    "avatar": "https://s3.amazonaws.com/uifaces/faces/twitter/josephstein/128.jpg"
  },
  "ad": {
    "company": "StatusCode Weekly",
    "url": "http://statuscode.org/",
    "text": "A weekly newsletter focusing on software development, infrastructure, the server, performance, and the stack end of things."
  }
}

23:09:18.323 [ForkJoinPool-1-worker-1] DEBUG com.intuit.karate - request:
1 > GET https://reqres.in/api/users/3
1 > Accept-Encoding: gzip,deflate
1 > Connection: Keep-Alive
1 > Host: reqres.in
1 > User-Agent: Apache-HttpClient/4.5.5 (Java/1.8.0_241)

23:09:18.986 [ForkJoinPool-1-worker-1] DEBUG com.intuit.karate - response time in milliseconds: 660.57
1 < 200
1 < Access-Control-Allow-Origin: *
1 < Age: 4027
1 < CF-Cache-Status: HIT
1 < CF-RAY: 5a883a3bad6fdc3b-LHR
1 < Cache-Control: max-age=14400
1 < Connection: keep-alive
1 < Content-Type: application/json; charset=utf-8
1 < Date: Wed, 24 Jun 2020 17:39:18 GMT
1 < Etag: W/"16e-/dQyOreIv6pEupp8RbP+u+utK/A"
1 < Expect-CT: max-age=604800, report-uri="https://report-uri.cloudflare.com/cdn-cgi/beacon/expect-ct"
1 < Server: cloudflare
1 < Set-Cookie: __cfduid=d5e4e79d896596b86ba8e00cf97849fda1593020358; expires=Fri, 24-Jul-20 17:39:18 GMT; path=/; domain=.reqres.in; HttpOnly; SameSite=Lax; Secure
1 < Transfer-Encoding: chunked
1 < Vary: Accept-Encoding
1 < Via: 1.1 vegur
1 < X-Powered-By: Express
1 < cf-request-id: 038902b9440000dc3b7e2f2200000001
{"data":{"id":3,"email":"emma.wong@reqres.in","first_name":"Emma","last_name":"Wong","avatar":"https://s3.amazonaws.com/uifaces/faces/twitter/olegpogodaev/128.jpg"},"ad":{"company":"StatusCode Weekly","url":"http://statuscode.org/","text":"A weekly newsletter focusing on software development, infrastructure, the server, performance, and the stack end of things."}}

23:09:18.987 [ForkJoinPool-1-worker-1] INFO  com.intuit.karate - [print] {
  "data": {
    "id": 3,
    "email": "emma.wong@reqres.in",
    "first_name": "Emma",
    "last_name": "Wong",
    "avatar": "https://s3.amazonaws.com/uifaces/faces/twitter/olegpogodaev/128.jpg"
  },
  "ad": {
    "company": "StatusCode Weekly",
    "url": "http://statuscode.org/",
    "text": "A weekly newsletter focusing on software development, infrastructure, the server, performance, and the stack end of things."
  }
}

23:09:19.003 [ForkJoinPool-1-worker-1] INFO  com.intuit.karate - [print] results====> {
  "__arg": null,
  "responseHeaders": {
    "Date": [
      "Wed, 24 Jun 2020 17:39:18 GMT"
    ],
    "Content-Type": [
      "application/json; charset=utf-8"
    ],
    "Transfer-Encoding": [
      "chunked"
    ],
    "Connection": [
      "keep-alive"
    ],
    "Set-Cookie": [
      "__cfduid=de9e9cbd681106fa8ba86fbb42e84b9fb1593020358; expires=Fri, 24-Jul-20 17:39:18 GMT; path=/; domain=.reqres.in; HttpOnly; SameSite=Lax; Secure"
    ],
    "X-Powered-By": [
      "Express"
    ],
    "Access-Control-Allow-Origin": [
      "*"
    ],
    "Etag": [
      "W/\"173-1Z8bn0V7UjH6FK7NCaza1ccWXQk\""
    ],
    "Via": [
      "1.1 vegur"
    ],
    "Cache-Control": [
      "max-age=14400"
    ],
    "CF-Cache-Status": [
      "HIT"
    ],
    "Age": [
      "5564"
    ],
    "cf-request-id": [
      "038902b6a4000006c977195200000001"
    ],
    "Expect-CT": [
      "max-age=604800, report-uri=\"https://report-uri.cloudflare.com/cdn-cgi/beacon/expect-ct\""
    ],
    "Vary": [
      "Accept-Encoding"
    ],
    "Server": [
      "cloudflare"
    ],
    "CF-RAY": [
      "5a883a376e0c06c9-LHR"
    ]
  },
  "responseTime": 526,
  "response": {
    "data": {
      "id": 2,
      "email": "janet.weaver@reqres.in",
      "first_name": "Janet",
      "last_name": "Weaver",
      "avatar": "https://s3.amazonaws.com/uifaces/faces/twitter/josephstein/128.jpg"
    },
    "ad": {
      "company": "StatusCode Weekly",
      "url": "http://statuscode.org/",
      "text": "A weekly newsletter focusing on software development, infrastructure, the server, performance, and the stack end of things."
    }
  },
  "requestTimeStamp": 1593020357789,
  "expectedOutput": [
    {
      "data": {
        "id": 2,
        "email": "janet.weaver@reqres.in",
        "first_name": "Janet",
        "last_name": "Weaver",
        "avatar": "https://s3.amazonaws.com/uifaces/faces/twitter/josephstein/128.jpg"
      },
      "ad": {
        "company": "StatusCode Weekly",
        "url": "http://statuscode.org/",
        "text": "A weekly newsletter focusing on software development, infrastructure, the server, performance, and the stack end of things."
      }
    },
    {
      "data": {
        "id": 3,
        "email": "emma.wong@reqres.in",
        "first_name": "Emma",
        "last_name": "Wong",
        "avatar": "https://s3.amazonaws.com/uifaces/faces/twitter/olegpogodaev/128.jpg"
      },
      "ad": {
        "company": "StatusCode Weekly",
        "url": "http://statuscode.org/",
        "text": "A weekly newsletter focusing on software development, infrastructure, the server, performance, and the stack end of things."
      }
    }
  ],
  "responseStatus": 200,
  "__loop": -1,
  "responseCookies": {
    "__cfduid": {
      "name": "__cfduid",
      "value": "de9e9cbd681106fa8ba86fbb42e84b9fb1593020358",
      "domain": "reqres.in",
      "path": "/",
      "expires": "1595612358000",
      "persistent": "true",
      "secure": "true"
    }
  }
}

23:09:19.049 [ForkJoinPool-1-worker-1] INFO  com.intuit.karate - [print] print first name Janet
23:09:19.161 [pool-1-thread-2] INFO  com.intuit.karate.Runner - <<pass>> feature 2 of 2: src/main/java/com/an/qa/Features/userDetails2.feature
23:10:59.528 [ForkJoinPool-1-worker-1] WARN  com.intuit.karate - skipping bootstrap configuration: could not find or read file: classpath:karate-config.js
23:11:00.395 [ForkJoinPool-1-worker-1] DEBUG com.intuit.karate - request:
1 > GET https://reqres.in/api/users/2
1 > Accept-Encoding: gzip,deflate
1 > Connection: Keep-Alive
1 > Host: reqres.in
1 > User-Agent: Apache-HttpClient/4.5.5 (Java/1.8.0_241)

23:11:01.660 [ForkJoinPool-1-worker-1] DEBUG com.intuit.karate - response time in milliseconds: 1255.97
1 < 200
1 < Access-Control-Allow-Origin: *
1 < Age: 5667
1 < CF-Cache-Status: HIT
1 < CF-RAY: 5a883cbd3b2b007d-LHR
1 < Cache-Control: max-age=14400
1 < Connection: keep-alive
1 < Content-Type: application/json; charset=utf-8
1 < Date: Wed, 24 Jun 2020 17:41:01 GMT
1 < Etag: W/"173-1Z8bn0V7UjH6FK7NCaza1ccWXQk"
1 < Expect-CT: max-age=604800, report-uri="https://report-uri.cloudflare.com/cdn-cgi/beacon/expect-ct"
1 < Server: cloudflare
1 < Set-Cookie: __cfduid=d83cef32acd90b9475354425fb3de9d0b1593020461; expires=Fri, 24-Jul-20 17:41:01 GMT; path=/; domain=.reqres.in; HttpOnly; SameSite=Lax; Secure
1 < Transfer-Encoding: chunked
1 < Vary: Accept-Encoding
1 < Via: 1.1 vegur
1 < X-Powered-By: Express
1 < cf-request-id: 0389044a410000007d3b17d200000001
{"data":{"id":2,"email":"janet.weaver@reqres.in","first_name":"Janet","last_name":"Weaver","avatar":"https://s3.amazonaws.com/uifaces/faces/twitter/josephstein/128.jpg"},"ad":{"company":"StatusCode Weekly","url":"http://statuscode.org/","text":"A weekly newsletter focusing on software development, infrastructure, the server, performance, and the stack end of things."}}

23:11:01.666 [ForkJoinPool-1-worker-1] INFO  com.intuit.karate - [print] {
  "data": {
    "id": 2,
    "email": "janet.weaver@reqres.in",
    "first_name": "Janet",
    "last_name": "Weaver",
    "avatar": "https://s3.amazonaws.com/uifaces/faces/twitter/josephstein/128.jpg"
  },
  "ad": {
    "company": "StatusCode Weekly",
    "url": "http://statuscode.org/",
    "text": "A weekly newsletter focusing on software development, infrastructure, the server, performance, and the stack end of things."
  }
}

23:11:01.723 [ForkJoinPool-1-worker-1] DEBUG com.intuit.karate - request:
1 > GET https://reqres.in/api/users/2
1 > Accept-Encoding: gzip,deflate
1 > Connection: Keep-Alive
1 > Host: reqres.in
1 > User-Agent: Apache-HttpClient/4.5.5 (Java/1.8.0_241)

23:11:02.939 [ForkJoinPool-1-worker-1] DEBUG com.intuit.karate - response time in milliseconds: 1214.01
1 < 200
1 < Access-Control-Allow-Origin: *
1 < Age: 5668
1 < CF-Cache-Status: HIT
1 < CF-RAY: 5a883cc10a8806d9-LHR
1 < Cache-Control: max-age=14400
1 < Connection: keep-alive
1 < Content-Type: application/json; charset=utf-8
1 < Date: Wed, 24 Jun 2020 17:41:02 GMT
1 < Etag: W/"173-1Z8bn0V7UjH6FK7NCaza1ccWXQk"
1 < Expect-CT: max-age=604800, report-uri="https://report-uri.cloudflare.com/cdn-cgi/beacon/expect-ct"
1 < Server: cloudflare
1 < Set-Cookie: __cfduid=d25ba185cbd41bccc19b7f8c3bc7432ca1593020462; expires=Fri, 24-Jul-20 17:41:02 GMT; path=/; domain=.reqres.in; HttpOnly; SameSite=Lax; Secure
1 < Transfer-Encoding: chunked
1 < Vary: Accept-Encoding
1 < Via: 1.1 vegur
1 < X-Powered-By: Express
1 < cf-request-id: 0389044ca6000006d950b43200000001
{"data":{"id":2,"email":"janet.weaver@reqres.in","first_name":"Janet","last_name":"Weaver","avatar":"https://s3.amazonaws.com/uifaces/faces/twitter/josephstein/128.jpg"},"ad":{"company":"StatusCode Weekly","url":"http://statuscode.org/","text":"A weekly newsletter focusing on software development, infrastructure, the server, performance, and the stack end of things."}}

23:11:02.943 [ForkJoinPool-1-worker-1] INFO  com.intuit.karate - [print] {
  "data": {
    "id": 2,
    "email": "janet.weaver@reqres.in",
    "first_name": "Janet",
    "last_name": "Weaver",
    "avatar": "https://s3.amazonaws.com/uifaces/faces/twitter/josephstein/128.jpg"
  },
  "ad": {
    "company": "StatusCode Weekly",
    "url": "http://statuscode.org/",
    "text": "A weekly newsletter focusing on software development, infrastructure, the server, performance, and the stack end of things."
  }
}

23:11:02.965 [ForkJoinPool-1-worker-1] DEBUG com.intuit.karate - request:
1 > GET https://reqres.in/api/users/3
1 > Accept-Encoding: gzip,deflate
1 > Connection: Keep-Alive
1 > Host: reqres.in
1 > User-Agent: Apache-HttpClient/4.5.5 (Java/1.8.0_241)

23:11:03.461 [ForkJoinPool-1-worker-1] DEBUG com.intuit.karate - response time in milliseconds: 493.63
1 < 200
1 < Access-Control-Allow-Origin: *
1 < Age: 4132
1 < CF-Cache-Status: HIT
1 < CF-RAY: 5a883cc8fc906a89-LHR
1 < Cache-Control: max-age=14400
1 < Connection: keep-alive
1 < Content-Type: application/json; charset=utf-8
1 < Date: Wed, 24 Jun 2020 17:41:03 GMT
1 < Etag: W/"16e-/dQyOreIv6pEupp8RbP+u+utK/A"
1 < Expect-CT: max-age=604800, report-uri="https://report-uri.cloudflare.com/cdn-cgi/beacon/expect-ct"
1 < Server: cloudflare
1 < Set-Cookie: __cfduid=dabcb9f914518a0a7fd46598492a6d0921593020463; expires=Fri, 24-Jul-20 17:41:03 GMT; path=/; domain=.reqres.in; HttpOnly; SameSite=Lax; Secure
1 < Transfer-Encoding: chunked
1 < Vary: Accept-Encoding
1 < Via: 1.1 vegur
1 < X-Powered-By: Express
1 < cf-request-id: 038904519900006a8902add200000001
{"data":{"id":3,"email":"emma.wong@reqres.in","first_name":"Emma","last_name":"Wong","avatar":"https://s3.amazonaws.com/uifaces/faces/twitter/olegpogodaev/128.jpg"},"ad":{"company":"StatusCode Weekly","url":"http://statuscode.org/","text":"A weekly newsletter focusing on software development, infrastructure, the server, performance, and the stack end of things."}}

23:11:03.463 [ForkJoinPool-1-worker-1] INFO  com.intuit.karate - [print] {
  "data": {
    "id": 3,
    "email": "emma.wong@reqres.in",
    "first_name": "Emma",
    "last_name": "Wong",
    "avatar": "https://s3.amazonaws.com/uifaces/faces/twitter/olegpogodaev/128.jpg"
  },
  "ad": {
    "company": "StatusCode Weekly",
    "url": "http://statuscode.org/",
    "text": "A weekly newsletter focusing on software development, infrastructure, the server, performance, and the stack end of things."
  }
}

23:11:03.476 [ForkJoinPool-1-worker-1] INFO  com.intuit.karate - [print] results====> {
  "__arg": null,
  "responseHeaders": {
    "Date": [
      "Wed, 24 Jun 2020 17:41:02 GMT"
    ],
    "Content-Type": [
      "application/json; charset=utf-8"
    ],
    "Transfer-Encoding": [
      "chunked"
    ],
    "Connection": [
      "keep-alive"
    ],
    "Set-Cookie": [
      "__cfduid=d25ba185cbd41bccc19b7f8c3bc7432ca1593020462; expires=Fri, 24-Jul-20 17:41:02 GMT; path=/; domain=.reqres.in; HttpOnly; SameSite=Lax; Secure"
    ],
    "X-Powered-By": [
      "Express"
    ],
    "Access-Control-Allow-Origin": [
      "*"
    ],
    "Etag": [
      "W/\"173-1Z8bn0V7UjH6FK7NCaza1ccWXQk\""
    ],
    "Via": [
      "1.1 vegur"
    ],
    "Cache-Control": [
      "max-age=14400"
    ],
    "CF-Cache-Status": [
      "HIT"
    ],
    "Age": [
      "5668"
    ],
    "cf-request-id": [
      "0389044ca6000006d950b43200000001"
    ],
    "Expect-CT": [
      "max-age=604800, report-uri=\"https://report-uri.cloudflare.com/cdn-cgi/beacon/expect-ct\""
    ],
    "Vary": [
      "Accept-Encoding"
    ],
    "Server": [
      "cloudflare"
    ],
    "CF-RAY": [
      "5a883cc10a8806d9-LHR"
    ]
  },
  "responseTime": 1214,
  "response": {
    "data": {
      "id": 2,
      "email": "janet.weaver@reqres.in",
      "first_name": "Janet",
      "last_name": "Weaver",
      "avatar": "https://s3.amazonaws.com/uifaces/faces/twitter/josephstein/128.jpg"
    },
    "ad": {
      "company": "StatusCode Weekly",
      "url": "http://statuscode.org/",
      "text": "A weekly newsletter focusing on software development, infrastructure, the server, performance, and the stack end of things."
    }
  },
  "requestTimeStamp": 1593020461724,
  "expectedOutput": [
    {
      "data": {
        "id": 2,
        "email": "janet.weaver@reqres.in",
        "first_name": "Janet",
        "last_name": "Weaver",
        "avatar": "https://s3.amazonaws.com/uifaces/faces/twitter/josephstein/128.jpg"
      },
      "ad": {
        "company": "StatusCode Weekly",
        "url": "http://statuscode.org/",
        "text": "A weekly newsletter focusing on software development, infrastructure, the server, performance, and the stack end of things."
      }
    },
    {
      "data": {
        "id": 3,
        "email": "emma.wong@reqres.in",
        "first_name": "Emma",
        "last_name": "Wong",
        "avatar": "https://s3.amazonaws.com/uifaces/faces/twitter/olegpogodaev/128.jpg"
      },
      "ad": {
        "company": "StatusCode Weekly",
        "url": "http://statuscode.org/",
        "text": "A weekly newsletter focusing on software development, infrastructure, the server, performance, and the stack end of things."
      }
    }
  ],
  "responseStatus": 200,
  "__loop": -1,
  "responseCookies": {
    "__cfduid": {
      "name": "__cfduid",
      "value": "d25ba185cbd41bccc19b7f8c3bc7432ca1593020462",
      "domain": "reqres.in",
      "path": "/",
      "expires": "1595612462000",
      "persistent": "true",
      "secure": "true"
    }
  }
}

23:11:03.498 [ForkJoinPool-1-worker-1] INFO  com.intuit.karate - [print] print first name Janet
23:11:03.614 [pool-1-thread-2] INFO  com.intuit.karate.Runner - <<pass>> feature 2 of 2: src/main/java/com/an/qa/Features/userDetails2.feature
23:14:34.338 [ForkJoinPool-1-worker-1] WARN  com.intuit.karate - skipping bootstrap configuration: could not find or read file: classpath:karate-config.js
23:14:35.276 [ForkJoinPool-1-worker-1] DEBUG com.intuit.karate - request:
1 > GET https://reqres.in/api/users/2
1 > Accept-Encoding: gzip,deflate
1 > Connection: Keep-Alive
1 > Host: reqres.in
1 > User-Agent: Apache-HttpClient/4.5.5 (Java/1.8.0_241)

23:14:36.959 [ForkJoinPool-1-worker-1] DEBUG com.intuit.karate - response time in milliseconds: 1678.27
1 < 200
1 < Access-Control-Allow-Origin: *
1 < Age: 5882
1 < CF-Cache-Status: HIT
1 < CF-RAY: 5a8841fe9b57f413-LHR
1 < Cache-Control: max-age=14400
1 < Connection: keep-alive
1 < Content-Type: application/json; charset=utf-8
1 < Date: Wed, 24 Jun 2020 17:44:36 GMT
1 < Etag: W/"173-1Z8bn0V7UjH6FK7NCaza1ccWXQk"
1 < Expect-CT: max-age=604800, report-uri="https://report-uri.cloudflare.com/cdn-cgi/beacon/expect-ct"
1 < Server: cloudflare
1 < Set-Cookie: __cfduid=da990158e84910052a32f2589090f3eb61593020676; expires=Fri, 24-Jul-20 17:44:36 GMT; path=/; domain=.reqres.in; HttpOnly; SameSite=Lax; Secure
1 < Transfer-Encoding: chunked
1 < Vary: Accept-Encoding
1 < Via: 1.1 vegur
1 < X-Powered-By: Express
1 < cf-request-id: 038907931d0000f413819b2200000001
{"data":{"id":2,"email":"janet.weaver@reqres.in","first_name":"Janet","last_name":"Weaver","avatar":"https://s3.amazonaws.com/uifaces/faces/twitter/josephstein/128.jpg"},"ad":{"company":"StatusCode Weekly","url":"http://statuscode.org/","text":"A weekly newsletter focusing on software development, infrastructure, the server, performance, and the stack end of things."}}

23:14:36.963 [ForkJoinPool-1-worker-1] INFO  com.intuit.karate - [print] {
  "data": {
    "id": 2,
    "email": "janet.weaver@reqres.in",
    "first_name": "Janet",
    "last_name": "Weaver",
    "avatar": "https://s3.amazonaws.com/uifaces/faces/twitter/josephstein/128.jpg"
  },
  "ad": {
    "company": "StatusCode Weekly",
    "url": "http://statuscode.org/",
    "text": "A weekly newsletter focusing on software development, infrastructure, the server, performance, and the stack end of things."
  }
}

23:14:37.049 [ForkJoinPool-1-worker-1] DEBUG com.intuit.karate - request:
1 > GET https://reqres.in/api/users/2
1 > Accept-Encoding: gzip,deflate
1 > Connection: Keep-Alive
1 > Host: reqres.in
1 > User-Agent: Apache-HttpClient/4.5.5 (Java/1.8.0_241)

23:14:38.704 [ForkJoinPool-1-worker-1] DEBUG com.intuit.karate - response time in milliseconds: 1654.23
1 < 200
1 < Access-Control-Allow-Origin: *
1 < Age: 5884
1 < CF-Cache-Status: HIT
1 < CF-RAY: 5a88420a2e8ae60c-LHR
1 < Cache-Control: max-age=14400
1 < Connection: keep-alive
1 < Content-Type: application/json; charset=utf-8
1 < Date: Wed, 24 Jun 2020 17:44:38 GMT
1 < Etag: W/"173-1Z8bn0V7UjH6FK7NCaza1ccWXQk"
1 < Expect-CT: max-age=604800, report-uri="https://report-uri.cloudflare.com/cdn-cgi/beacon/expect-ct"
1 < Server: cloudflare
1 < Set-Cookie: __cfduid=d97834a6c86daedae4e415763015511fc1593020678; expires=Fri, 24-Jul-20 17:44:38 GMT; path=/; domain=.reqres.in; HttpOnly; SameSite=Lax; Secure
1 < Transfer-Encoding: chunked
1 < Vary: Accept-Encoding
1 < Via: 1.1 vegur
1 < X-Powered-By: Express
1 < cf-request-id: 0389079a540000e60c06125200000001
{"data":{"id":2,"email":"janet.weaver@reqres.in","first_name":"Janet","last_name":"Weaver","avatar":"https://s3.amazonaws.com/uifaces/faces/twitter/josephstein/128.jpg"},"ad":{"company":"StatusCode Weekly","url":"http://statuscode.org/","text":"A weekly newsletter focusing on software development, infrastructure, the server, performance, and the stack end of things."}}

23:14:38.706 [ForkJoinPool-1-worker-1] INFO  com.intuit.karate - [print] {
  "data": {
    "id": 2,
    "email": "janet.weaver@reqres.in",
    "first_name": "Janet",
    "last_name": "Weaver",
    "avatar": "https://s3.amazonaws.com/uifaces/faces/twitter/josephstein/128.jpg"
  },
  "ad": {
    "company": "StatusCode Weekly",
    "url": "http://statuscode.org/",
    "text": "A weekly newsletter focusing on software development, infrastructure, the server, performance, and the stack end of things."
  }
}

23:14:38.715 [ForkJoinPool-1-worker-1] DEBUG com.intuit.karate - request:
1 > GET https://reqres.in/api/users/3
1 > Accept-Encoding: gzip,deflate
1 > Connection: Keep-Alive
1 > Host: reqres.in
1 > User-Agent: Apache-HttpClient/4.5.5 (Java/1.8.0_241)

23:14:39.284 [ForkJoinPool-1-worker-1] DEBUG com.intuit.karate - response time in milliseconds: 567.58
1 < 200
1 < Access-Control-Allow-Origin: *
1 < Age: 4348
1 < CF-Cache-Status: HIT
1 < CF-RAY: 5a88420db94f0081-LHR
1 < Cache-Control: max-age=14400
1 < Connection: keep-alive
1 < Content-Type: application/json; charset=utf-8
1 < Date: Wed, 24 Jun 2020 17:44:39 GMT
1 < Etag: W/"16e-/dQyOreIv6pEupp8RbP+u+utK/A"
1 < Expect-CT: max-age=604800, report-uri="https://report-uri.cloudflare.com/cdn-cgi/beacon/expect-ct"
1 < Server: cloudflare
1 < Set-Cookie: __cfduid=d27817767a369191719e9fcda4f4fdac71593020679; expires=Fri, 24-Jul-20 17:44:39 GMT; path=/; domain=.reqres.in; HttpOnly; SameSite=Lax; Secure
1 < Transfer-Encoding: chunked
1 < Vary: Accept-Encoding
1 < Via: 1.1 vegur
1 < X-Powered-By: Express
1 < cf-request-id: 0389079c910000008122946200000001
{"data":{"id":3,"email":"emma.wong@reqres.in","first_name":"Emma","last_name":"Wong","avatar":"https://s3.amazonaws.com/uifaces/faces/twitter/olegpogodaev/128.jpg"},"ad":{"company":"StatusCode Weekly","url":"http://statuscode.org/","text":"A weekly newsletter focusing on software development, infrastructure, the server, performance, and the stack end of things."}}

23:14:39.285 [ForkJoinPool-1-worker-1] INFO  com.intuit.karate - [print] {
  "data": {
    "id": 3,
    "email": "emma.wong@reqres.in",
    "first_name": "Emma",
    "last_name": "Wong",
    "avatar": "https://s3.amazonaws.com/uifaces/faces/twitter/olegpogodaev/128.jpg"
  },
  "ad": {
    "company": "StatusCode Weekly",
    "url": "http://statuscode.org/",
    "text": "A weekly newsletter focusing on software development, infrastructure, the server, performance, and the stack end of things."
  }
}

23:14:39.304 [ForkJoinPool-1-worker-1] INFO  com.intuit.karate - [print] results====> {
  "__arg": null,
  "responseHeaders": {
    "Date": [
      "Wed, 24 Jun 2020 17:44:38 GMT"
    ],
    "Content-Type": [
      "application/json; charset=utf-8"
    ],
    "Transfer-Encoding": [
      "chunked"
    ],
    "Connection": [
      "keep-alive"
    ],
    "Set-Cookie": [
      "__cfduid=d97834a6c86daedae4e415763015511fc1593020678; expires=Fri, 24-Jul-20 17:44:38 GMT; path=/; domain=.reqres.in; HttpOnly; SameSite=Lax; Secure"
    ],
    "X-Powered-By": [
      "Express"
    ],
    "Access-Control-Allow-Origin": [
      "*"
    ],
    "Etag": [
      "W/\"173-1Z8bn0V7UjH6FK7NCaza1ccWXQk\""
    ],
    "Via": [
      "1.1 vegur"
    ],
    "Cache-Control": [
      "max-age=14400"
    ],
    "CF-Cache-Status": [
      "HIT"
    ],
    "Age": [
      "5884"
    ],
    "cf-request-id": [
      "0389079a540000e60c06125200000001"
    ],
    "Expect-CT": [
      "max-age=604800, report-uri=\"https://report-uri.cloudflare.com/cdn-cgi/beacon/expect-ct\""
    ],
    "Vary": [
      "Accept-Encoding"
    ],
    "Server": [
      "cloudflare"
    ],
    "CF-RAY": [
      "5a88420a2e8ae60c-LHR"
    ]
  },
  "responseTime": 1654,
  "response": {
    "data": {
      "id": 2,
      "email": "janet.weaver@reqres.in",
      "first_name": "Janet",
      "last_name": "Weaver",
      "avatar": "https://s3.amazonaws.com/uifaces/faces/twitter/josephstein/128.jpg"
    },
    "ad": {
      "company": "StatusCode Weekly",
      "url": "http://statuscode.org/",
      "text": "A weekly newsletter focusing on software development, infrastructure, the server, performance, and the stack end of things."
    }
  },
  "requestTimeStamp": 1593020677049,
  "expectedOutput": [
    {
      "data": {
        "id": 2,
        "email": "janet.weaver@reqres.in",
        "first_name": "Janet",
        "last_name": "Weaver",
        "avatar": "https://s3.amazonaws.com/uifaces/faces/twitter/josephstein/128.jpg"
      },
      "ad": {
        "company": "StatusCode Weekly",
        "url": "http://statuscode.org/",
        "text": "A weekly newsletter focusing on software development, infrastructure, the server, performance, and the stack end of things."
      }
    },
    {
      "data": {
        "id": 3,
        "email": "emma.wong@reqres.in",
        "first_name": "Emma",
        "last_name": "Wong",
        "avatar": "https://s3.amazonaws.com/uifaces/faces/twitter/olegpogodaev/128.jpg"
      },
      "ad": {
        "company": "StatusCode Weekly",
        "url": "http://statuscode.org/",
        "text": "A weekly newsletter focusing on software development, infrastructure, the server, performance, and the stack end of things."
      }
    }
  ],
  "responseStatus": 200,
  "__loop": -1,
  "responseCookies": {
    "__cfduid": {
      "name": "__cfduid",
      "value": "d97834a6c86daedae4e415763015511fc1593020678",
      "domain": "reqres.in",
      "path": "/",
      "expires": "1595612678000",
      "persistent": "true",
      "secure": "true"
    }
  }
}

23:14:39.325 [ForkJoinPool-1-worker-1] INFO  com.intuit.karate - [print] print first name Janet
23:14:39.404 [pool-1-thread-2] INFO  com.intuit.karate.Runner - <<pass>> feature 2 of 2: src/main/java/com/an/qa/Features/userDetails2.feature
23:24:47.522 [ForkJoinPool-1-worker-1] WARN  com.intuit.karate - skipping bootstrap configuration: could not find or read file: classpath:karate-config.js
23:24:47.522 [ForkJoinPool-1-worker-2] WARN  com.intuit.karate - skipping bootstrap configuration: could not find or read file: classpath:karate-config.js
23:24:48.364 [ForkJoinPool-1-worker-1] DEBUG com.intuit.karate - request:
1 > GET https://reqres.in/api/users/2
1 > Accept-Encoding: gzip,deflate
1 > Connection: Keep-Alive
1 > Host: reqres.in
1 > User-Agent: Apache-HttpClient/4.5.5 (Java/1.8.0_241)

23:24:48.364 [ForkJoinPool-1-worker-2] DEBUG com.intuit.karate - request:
1 > GET https://reqres.in/api/users/2
1 > Accept-Encoding: gzip,deflate
1 > Connection: Keep-Alive
1 > Host: reqres.in
1 > User-Agent: Apache-HttpClient/4.5.5 (Java/1.8.0_241)

23:24:49.506 [ForkJoinPool-1-worker-1] DEBUG com.intuit.karate - response time in milliseconds: 1135.24
1 < 200
1 < Access-Control-Allow-Origin: *
1 < Age: 6495
1 < CF-Cache-Status: HIT
1 < CF-RAY: 5a8850f35b56f43b-LHR
1 < Cache-Control: max-age=14400
1 < Connection: keep-alive
1 < Content-Type: application/json; charset=utf-8
1 < Date: Wed, 24 Jun 2020 17:54:49 GMT
1 < Etag: W/"173-1Z8bn0V7UjH6FK7NCaza1ccWXQk"
1 < Expect-CT: max-age=604800, report-uri="https://report-uri.cloudflare.com/cdn-cgi/beacon/expect-ct"
1 < Server: cloudflare
1 < Set-Cookie: __cfduid=d6d0368bb8910944c244d605242eeb2c21593021289; expires=Fri, 24-Jul-20 17:54:49 GMT; path=/; domain=.reqres.in; HttpOnly; SameSite=Lax; Secure
1 < Transfer-Encoding: chunked
1 < Vary: Accept-Encoding
1 < Via: 1.1 vegur
1 < X-Powered-By: Express
1 < cf-request-id: 038910ec150000f43bf521f200000001
{"data":{"id":2,"email":"janet.weaver@reqres.in","first_name":"Janet","last_name":"Weaver","avatar":"https://s3.amazonaws.com/uifaces/faces/twitter/josephstein/128.jpg"},"ad":{"company":"StatusCode Weekly","url":"http://statuscode.org/","text":"A weekly newsletter focusing on software development, infrastructure, the server, performance, and the stack end of things."}}

23:24:49.506 [ForkJoinPool-1-worker-2] DEBUG com.intuit.karate - response time in milliseconds: 1134.14
1 < 200
1 < Access-Control-Allow-Origin: *
1 < Age: 6495
1 < CF-Cache-Status: HIT
1 < CF-RAY: 5a8850f34ca5bc2a-LHR
1 < Cache-Control: max-age=14400
1 < Connection: keep-alive
1 < Content-Type: application/json; charset=utf-8
1 < Date: Wed, 24 Jun 2020 17:54:49 GMT
1 < Etag: W/"173-1Z8bn0V7UjH6FK7NCaza1ccWXQk"
1 < Expect-CT: max-age=604800, report-uri="https://report-uri.cloudflare.com/cdn-cgi/beacon/expect-ct"
1 < Server: cloudflare
1 < Set-Cookie: __cfduid=dd9050aeed34e3b02b1f79b3962966d201593021289; expires=Fri, 24-Jul-20 17:54:49 GMT; path=/; domain=.reqres.in; HttpOnly; SameSite=Lax; Secure
1 < Transfer-Encoding: chunked
1 < Vary: Accept-Encoding
1 < Via: 1.1 vegur
1 < X-Powered-By: Express
1 < cf-request-id: 038910ec0f0000bc2acd8a4200000001
{"data":{"id":2,"email":"janet.weaver@reqres.in","first_name":"Janet","last_name":"Weaver","avatar":"https://s3.amazonaws.com/uifaces/faces/twitter/josephstein/128.jpg"},"ad":{"company":"StatusCode Weekly","url":"http://statuscode.org/","text":"A weekly newsletter focusing on software development, infrastructure, the server, performance, and the stack end of things."}}

23:24:49.513 [ForkJoinPool-1-worker-2] INFO  com.intuit.karate - [print] {
  "data": {
    "id": 2,
    "email": "janet.weaver@reqres.in",
    "first_name": "Janet",
    "last_name": "Weaver",
    "avatar": "https://s3.amazonaws.com/uifaces/faces/twitter/josephstein/128.jpg"
  },
  "ad": {
    "company": "StatusCode Weekly",
    "url": "http://statuscode.org/",
    "text": "A weekly newsletter focusing on software development, infrastructure, the server, performance, and the stack end of things."
  }
}

23:24:49.515 [ForkJoinPool-1-worker-1] INFO  com.intuit.karate - [print] {
  "data": {
    "id": 2,
    "email": "janet.weaver@reqres.in",
    "first_name": "Janet",
    "last_name": "Weaver",
    "avatar": "https://s3.amazonaws.com/uifaces/faces/twitter/josephstein/128.jpg"
  },
  "ad": {
    "company": "StatusCode Weekly",
    "url": "http://statuscode.org/",
    "text": "A weekly newsletter focusing on software development, infrastructure, the server, performance, and the stack end of things."
  }
}

23:24:49.644 [pool-1-thread-1] INFO  com.intuit.karate.Runner - <<pass>> feature 1 of 2: src/main/java/com/an/qa/Features/userDetails1.feature
23:27:38.416 [ForkJoinPool-1-worker-2] WARN  com.intuit.karate - skipping bootstrap configuration: could not find or read file: classpath:karate-config.js
23:27:38.416 [ForkJoinPool-1-worker-1] WARN  com.intuit.karate - skipping bootstrap configuration: could not find or read file: classpath:karate-config.js
23:27:39.258 [ForkJoinPool-1-worker-2] DEBUG com.intuit.karate - request:
1 > GET https://reqres.in/api/users/2
1 > Accept-Encoding: gzip,deflate
1 > Connection: Keep-Alive
1 > Host: reqres.in
1 > User-Agent: Apache-HttpClient/4.5.5 (Java/1.8.0_241)

23:27:39.258 [ForkJoinPool-1-worker-1] DEBUG com.intuit.karate - request:
1 > GET https://reqres.in/api/users/2
1 > Accept-Encoding: gzip,deflate
1 > Connection: Keep-Alive
1 > Host: reqres.in
1 > User-Agent: Apache-HttpClient/4.5.5 (Java/1.8.0_241)

23:27:40.356 [ForkJoinPool-1-worker-1] DEBUG com.intuit.karate - response time in milliseconds: 1092.12
1 < 200
1 < Access-Control-Allow-Origin: *
1 < Age: 6666
1 < CF-Cache-Status: HIT
1 < CF-RAY: 5a88551f19600706-LHR
1 < Cache-Control: max-age=14400
1 < Connection: keep-alive
1 < Content-Type: application/json; charset=utf-8
1 < Date: Wed, 24 Jun 2020 17:57:40 GMT
1 < Etag: W/"173-1Z8bn0V7UjH6FK7NCaza1ccWXQk"
1 < Expect-CT: max-age=604800, report-uri="https://report-uri.cloudflare.com/cdn-cgi/beacon/expect-ct"
1 < Server: cloudflare
1 < Set-Cookie: __cfduid=d165cc5bbc40cfce83d932e7b73b8e4171593021460; expires=Fri, 24-Jul-20 17:57:40 GMT; path=/; domain=.reqres.in; HttpOnly; SameSite=Lax; Secure
1 < Transfer-Encoding: chunked
1 < Vary: Accept-Encoding
1 < Via: 1.1 vegur
1 < X-Powered-By: Express
1 < cf-request-id: 038913876f00000706fcbed200000001
{"data":{"id":2,"email":"janet.weaver@reqres.in","first_name":"Janet","last_name":"Weaver","avatar":"https://s3.amazonaws.com/uifaces/faces/twitter/josephstein/128.jpg"},"ad":{"company":"StatusCode Weekly","url":"http://statuscode.org/","text":"A weekly newsletter focusing on software development, infrastructure, the server, performance, and the stack end of things."}}

23:27:40.356 [ForkJoinPool-1-worker-2] DEBUG com.intuit.karate - response time in milliseconds: 1092.12
1 < 200
1 < Access-Control-Allow-Origin: *
1 < Age: 6666
1 < CF-Cache-Status: HIT
1 < CF-RAY: 5a88551f1d81e610-LHR
1 < Cache-Control: max-age=14400
1 < Connection: keep-alive
1 < Content-Type: application/json; charset=utf-8
1 < Date: Wed, 24 Jun 2020 17:57:40 GMT
1 < Etag: W/"173-1Z8bn0V7UjH6FK7NCaza1ccWXQk"
1 < Expect-CT: max-age=604800, report-uri="https://report-uri.cloudflare.com/cdn-cgi/beacon/expect-ct"
1 < Server: cloudflare
1 < Set-Cookie: __cfduid=d2c72b6a53cd19edc0c766fad5d0ee3841593021460; expires=Fri, 24-Jul-20 17:57:40 GMT; path=/; domain=.reqres.in; HttpOnly; SameSite=Lax; Secure
1 < Transfer-Encoding: chunked
1 < Vary: Accept-Encoding
1 < Via: 1.1 vegur
1 < X-Powered-By: Express
1 < cf-request-id: 038913876e0000e610c2382200000001
{"data":{"id":2,"email":"janet.weaver@reqres.in","first_name":"Janet","last_name":"Weaver","avatar":"https://s3.amazonaws.com/uifaces/faces/twitter/josephstein/128.jpg"},"ad":{"company":"StatusCode Weekly","url":"http://statuscode.org/","text":"A weekly newsletter focusing on software development, infrastructure, the server, performance, and the stack end of things."}}

23:27:40.360 [ForkJoinPool-1-worker-1] INFO  com.intuit.karate - [print] {
  "data": {
    "id": 2,
    "email": "janet.weaver@reqres.in",
    "first_name": "Janet",
    "last_name": "Weaver",
    "avatar": "https://s3.amazonaws.com/uifaces/faces/twitter/josephstein/128.jpg"
  },
  "ad": {
    "company": "StatusCode Weekly",
    "url": "http://statuscode.org/",
    "text": "A weekly newsletter focusing on software development, infrastructure, the server, performance, and the stack end of things."
  }
}

23:27:40.364 [ForkJoinPool-1-worker-2] INFO  com.intuit.karate - [print] {
  "data": {
    "id": 2,
    "email": "janet.weaver@reqres.in",
    "first_name": "Janet",
    "last_name": "Weaver",
    "avatar": "https://s3.amazonaws.com/uifaces/faces/twitter/josephstein/128.jpg"
  },
  "ad": {
    "company": "StatusCode Weekly",
    "url": "http://statuscode.org/",
    "text": "A weekly newsletter focusing on software development, infrastructure, the server, performance, and the stack end of things."
  }
}

23:27:40.481 [pool-1-thread-1] INFO  com.intuit.karate.Runner - <<pass>> feature 1 of 2: src/main/java/com/an/qa/Features/userDetails1.feature
23:29:04.834 [ForkJoinPool-1-worker-1] WARN  com.intuit.karate - skipping bootstrap configuration: could not find or read file: classpath:karate-config.js
23:29:04.834 [ForkJoinPool-1-worker-2] WARN  com.intuit.karate - skipping bootstrap configuration: could not find or read file: classpath:karate-config.js
23:29:05.703 [ForkJoinPool-1-worker-2] DEBUG com.intuit.karate - request:
1 > GET https://reqres.in/api/users/2
1 > Accept-Encoding: gzip,deflate
1 > Connection: Keep-Alive
1 > Host: reqres.in
1 > User-Agent: Apache-HttpClient/4.5.5 (Java/1.8.0_241)

23:29:05.703 [ForkJoinPool-1-worker-1] DEBUG com.intuit.karate - request:
1 > GET https://reqres.in/api/users/2
1 > Accept-Encoding: gzip,deflate
1 > Connection: Keep-Alive
1 > Host: reqres.in
1 > User-Agent: Apache-HttpClient/4.5.5 (Java/1.8.0_241)

23:29:06.684 [ForkJoinPool-1-worker-1] DEBUG com.intuit.karate - response time in milliseconds: 969.83
1 < 200
1 < Access-Control-Allow-Origin: *
1 < Age: 6752
1 < CF-Cache-Status: HIT
1 < CF-RAY: 5a88573ab8d1bbac-LHR
1 < Cache-Control: max-age=14400
1 < Connection: keep-alive
1 < Content-Type: application/json; charset=utf-8
1 < Date: Wed, 24 Jun 2020 17:59:06 GMT
1 < Etag: W/"173-1Z8bn0V7UjH6FK7NCaza1ccWXQk"
1 < Expect-CT: max-age=604800, report-uri="https://report-uri.cloudflare.com/cdn-cgi/beacon/expect-ct"
1 < Server: cloudflare
1 < Set-Cookie: __cfduid=d9f00c8eee4e5e518ceb7457392d175721593021546; expires=Fri, 24-Jul-20 17:59:06 GMT; path=/; domain=.reqres.in; HttpOnly; SameSite=Lax; Secure
1 < Transfer-Encoding: chunked
1 < Vary: Accept-Encoding
1 < Via: 1.1 vegur
1 < X-Powered-By: Express
1 < cf-request-id: 038914d8b10000bbac01238200000001
{"data":{"id":2,"email":"janet.weaver@reqres.in","first_name":"Janet","last_name":"Weaver","avatar":"https://s3.amazonaws.com/uifaces/faces/twitter/josephstein/128.jpg"},"ad":{"company":"StatusCode Weekly","url":"http://statuscode.org/","text":"A weekly newsletter focusing on software development, infrastructure, the server, performance, and the stack end of things."}}

23:29:06.684 [ForkJoinPool-1-worker-2] DEBUG com.intuit.karate - response time in milliseconds: 970.79
1 < 200
1 < Access-Control-Allow-Origin: *
1 < Age: 6752
1 < CF-Cache-Status: HIT
1 < CF-RAY: 5a88573abbd4f3ef-LHR
1 < Cache-Control: max-age=14400
1 < Connection: keep-alive
1 < Content-Type: application/json; charset=utf-8
1 < Date: Wed, 24 Jun 2020 17:59:06 GMT
1 < Etag: W/"173-1Z8bn0V7UjH6FK7NCaza1ccWXQk"
1 < Expect-CT: max-age=604800, report-uri="https://report-uri.cloudflare.com/cdn-cgi/beacon/expect-ct"
1 < Server: cloudflare
1 < Set-Cookie: __cfduid=d467cab9163da1d5d24f5967ca69b15ca1593021546; expires=Fri, 24-Jul-20 17:59:06 GMT; path=/; domain=.reqres.in; HttpOnly; SameSite=Lax; Secure
1 < Transfer-Encoding: chunked
1 < Vary: Accept-Encoding
1 < Via: 1.1 vegur
1 < X-Powered-By: Express
1 < cf-request-id: 038914d8b00000f3ef5504c200000001
{"data":{"id":2,"email":"janet.weaver@reqres.in","first_name":"Janet","last_name":"Weaver","avatar":"https://s3.amazonaws.com/uifaces/faces/twitter/josephstein/128.jpg"},"ad":{"company":"StatusCode Weekly","url":"http://statuscode.org/","text":"A weekly newsletter focusing on software development, infrastructure, the server, performance, and the stack end of things."}}

23:29:06.696 [ForkJoinPool-1-worker-1] INFO  com.intuit.karate - [print] {
  "data": {
    "id": 2,
    "email": "janet.weaver@reqres.in",
    "first_name": "Janet",
    "last_name": "Weaver",
    "avatar": "https://s3.amazonaws.com/uifaces/faces/twitter/josephstein/128.jpg"
  },
  "ad": {
    "company": "StatusCode Weekly",
    "url": "http://statuscode.org/",
    "text": "A weekly newsletter focusing on software development, infrastructure, the server, performance, and the stack end of things."
  }
}

23:29:06.710 [ForkJoinPool-1-worker-2] INFO  com.intuit.karate - [print] {
  "data": {
    "id": 2,
    "email": "janet.weaver@reqres.in",
    "first_name": "Janet",
    "last_name": "Weaver",
    "avatar": "https://s3.amazonaws.com/uifaces/faces/twitter/josephstein/128.jpg"
  },
  "ad": {
    "company": "StatusCode Weekly",
    "url": "http://statuscode.org/",
    "text": "A weekly newsletter focusing on software development, infrastructure, the server, performance, and the stack end of things."
  }
}

23:29:06.798 [pool-1-thread-1] INFO  com.intuit.karate.Runner - <<pass>> feature 1 of 2: src/main/java/com/an/qa/Features/userDetails1.feature
23:46:33.567 [ForkJoinPool-1-worker-2] WARN  com.intuit.karate - skipping bootstrap configuration: could not find or read file: classpath:karate-config.js
23:46:33.567 [ForkJoinPool-1-worker-1] WARN  com.intuit.karate - skipping bootstrap configuration: could not find or read file: classpath:karate-config.js
23:46:34.660 [ForkJoinPool-1-worker-1] DEBUG com.intuit.karate - request:
1 > GET https://reqres.in/api/users/2
1 > Accept-Encoding: gzip,deflate
1 > Connection: Keep-Alive
1 > Host: reqres.in
1 > User-Agent: Apache-HttpClient/4.5.5 (Java/1.8.0_241)

23:46:34.660 [ForkJoinPool-1-worker-2] DEBUG com.intuit.karate - request:
1 > GET https://reqres.in/api/users/2
1 > Accept-Encoding: gzip,deflate
1 > Connection: Keep-Alive
1 > Host: reqres.in
1 > User-Agent: Apache-HttpClient/4.5.5 (Java/1.8.0_241)

23:46:35.300 [ForkJoinPool-1-worker-2] DEBUG com.intuit.karate - response time in milliseconds: 636.25
1 < 200
1 < Access-Control-Allow-Origin: *
1 < Age: 1944
1 < CF-Cache-Status: HIT
1 < CF-RAY: 5a8870d55c75e14a-BOM
1 < Cache-Control: max-age=14400
1 < Connection: keep-alive
1 < Content-Type: application/json; charset=utf-8
1 < Date: Wed, 24 Jun 2020 18:16:35 GMT
1 < Etag: W/"173-1Z8bn0V7UjH6FK7NCaza1ccWXQk"
1 < Expect-CT: max-age=604800, report-uri="https://report-uri.cloudflare.com/cdn-cgi/beacon/expect-ct"
1 < Server: cloudflare
1 < Set-Cookie: __cfduid=d8544bc47712956a54ec13e78bcc3a4f91593022595; expires=Fri, 24-Jul-20 18:16:35 GMT; path=/; domain=.reqres.in; HttpOnly; SameSite=Lax; Secure
1 < Transfer-Encoding: chunked
1 < Vary: Accept-Encoding
1 < Via: 1.1 vegur
1 < X-Powered-By: Express
1 < cf-request-id: 038924d9550000e14a31317200000001
{"data":{"id":2,"email":"janet.weaver@reqres.in","first_name":"Janet","last_name":"Weaver","avatar":"https://s3.amazonaws.com/uifaces/faces/twitter/josephstein/128.jpg"},"ad":{"company":"StatusCode Weekly","url":"http://statuscode.org/","text":"A weekly newsletter focusing on software development, infrastructure, the server, performance, and the stack end of things."}}

23:46:35.303 [ForkJoinPool-1-worker-2] INFO  com.intuit.karate - [print] {
  "data": {
    "id": 2,
    "email": "janet.weaver@reqres.in",
    "first_name": "Janet",
    "last_name": "Weaver",
    "avatar": "https://s3.amazonaws.com/uifaces/faces/twitter/josephstein/128.jpg"
  },
  "ad": {
    "company": "StatusCode Weekly",
    "url": "http://statuscode.org/",
    "text": "A weekly newsletter focusing on software development, infrastructure, the server, performance, and the stack end of things."
  }
}

23:46:35.331 [ForkJoinPool-1-worker-1] DEBUG com.intuit.karate - response time in milliseconds: 670.73
1 < 200
1 < Access-Control-Allow-Origin: *
1 < Age: 1944
1 < CF-Cache-Status: HIT
1 < CF-RAY: 5a8870d55f70e135-BOM
1 < Cache-Control: max-age=14400
1 < Connection: keep-alive
1 < Content-Type: application/json; charset=utf-8
1 < Date: Wed, 24 Jun 2020 18:16:35 GMT
1 < Etag: W/"173-1Z8bn0V7UjH6FK7NCaza1ccWXQk"
1 < Expect-CT: max-age=604800, report-uri="https://report-uri.cloudflare.com/cdn-cgi/beacon/expect-ct"
1 < Server: cloudflare
1 < Set-Cookie: __cfduid=d471b1d29b272ba6f6d34b7088b5dc4331593022595; expires=Fri, 24-Jul-20 18:16:35 GMT; path=/; domain=.reqres.in; HttpOnly; SameSite=Lax; Secure
1 < Transfer-Encoding: chunked
1 < Vary: Accept-Encoding
1 < Via: 1.1 vegur
1 < X-Powered-By: Express
1 < cf-request-id: 038924d9590000e1359683c200000001
{"data":{"id":2,"email":"janet.weaver@reqres.in","first_name":"Janet","last_name":"Weaver","avatar":"https://s3.amazonaws.com/uifaces/faces/twitter/josephstein/128.jpg"},"ad":{"company":"StatusCode Weekly","url":"http://statuscode.org/","text":"A weekly newsletter focusing on software development, infrastructure, the server, performance, and the stack end of things."}}

23:46:35.332 [ForkJoinPool-1-worker-1] INFO  com.intuit.karate - [print] {
  "data": {
    "id": 2,
    "email": "janet.weaver@reqres.in",
    "first_name": "Janet",
    "last_name": "Weaver",
    "avatar": "https://s3.amazonaws.com/uifaces/faces/twitter/josephstein/128.jpg"
  },
  "ad": {
    "company": "StatusCode Weekly",
    "url": "http://statuscode.org/",
    "text": "A weekly newsletter focusing on software development, infrastructure, the server, performance, and the stack end of things."
  }
}

23:46:46.808 [pool-1-thread-1] INFO  com.intuit.karate.Runner - <<pass>> feature 1 of 2: src/main/java/com/an/qa/Features/userDetails1.feature
00:38:15.517 [ForkJoinPool-1-worker-1] WARN  com.intuit.karate - skipping bootstrap configuration: could not find or read file: classpath:karate-config.js
00:38:16.016 [pool-1-thread-3] INFO  com.intuit.karate.Runner - <<fail>> feature 3 of 3: src/main/java/com/an/qa/Features/userDetailsPost.feature
00:40:08.191 [ForkJoinPool-1-worker-1] WARN  com.intuit.karate - skipping bootstrap configuration: could not find or read file: classpath:karate-config.js
00:40:08.306 [pool-1-thread-3] INFO  com.intuit.karate.Runner - <<fail>> feature 3 of 3: src/main/java/com/an/qa/Features/userDetailsPost.feature
00:42:39.634 [ForkJoinPool-1-worker-1] WARN  com.intuit.karate - skipping bootstrap configuration: could not find or read file: classpath:karate-config.js
00:42:41.721 [ForkJoinPool-1-worker-1] DEBUG com.intuit.karate - request:
1 > POST https://reqres.in/api/users
1 > Accept-Encoding: gzip,deflate
1 > Connection: Keep-Alive
1 > Content-Length: 34
1 > Content-Type: application/json; charset=UTF-8
1 > Host: reqres.in
1 > User-Agent: Apache-HttpClient/4.5.5 (Java/1.8.0_241)
{"name":"morpheus","job":"leader"}

00:42:42.857 [ForkJoinPool-1-worker-1] DEBUG com.intuit.karate - response time in milliseconds: 1133.53
1 < 201
1 < Access-Control-Allow-Origin: *
1 < CF-Cache-Status: DYNAMIC
1 < CF-RAY: 5a88c30beaeddbf3-LHR
1 < Connection: keep-alive
1 < Content-Length: 84
1 < Content-Type: application/json; charset=utf-8
1 < Date: Wed, 24 Jun 2020 19:12:42 GMT
1 < Etag: W/"54-MGzegl6SENrJ8wL/J9Iij9ipM+M"
1 < Expect-CT: max-age=604800, report-uri="https://report-uri.cloudflare.com/cdn-cgi/beacon/expect-ct"
1 < Server: cloudflare
1 < Set-Cookie: __cfduid=d98acc47a82bbf94ff0abd6f0c612a14f1593025962; expires=Fri, 24-Jul-20 19:12:42 GMT; path=/; domain=.reqres.in; HttpOnly; SameSite=Lax; Secure
1 < Via: 1.1 vegur
1 < X-Powered-By: Express
1 < cf-request-id: 0389583b6f0000dbf37499f200000001
{"name":"morpheus","job":"leader","id":"534","createdAt":"2020-06-24T19:12:42.900Z"}

00:42:42.927 [pool-1-thread-3] INFO  com.intuit.karate.Runner - <<pass>> feature 3 of 3: src/main/java/com/an/qa/Features/userDetailsPost.feature
00:45:48.973 [ForkJoinPool-1-worker-1] WARN  com.intuit.karate - skipping bootstrap configuration: could not find or read file: classpath:karate-config.js
00:45:49.463 [pool-1-thread-3] INFO  com.intuit.karate.Runner - <<fail>> feature 3 of 3: src/main/java/com/an/qa/Features/userDetailsPost.feature
00:47:08.349 [ForkJoinPool-1-worker-1] WARN  com.intuit.karate - skipping bootstrap configuration: could not find or read file: classpath:karate-config.js
00:47:08.512 [pool-1-thread-3] INFO  com.intuit.karate.Runner - <<fail>> feature 3 of 3: src/main/java/com/an/qa/Features/userDetailsPost.feature
00:48:06.187 [ForkJoinPool-1-worker-1] WARN  com.intuit.karate - skipping bootstrap configuration: could not find or read file: classpath:karate-config.js
00:48:06.464 [pool-1-thread-3] INFO  com.intuit.karate.Runner - <<fail>> feature 3 of 3: src/main/java/com/an/qa/Features/userDetailsPost.feature
00:48:28.704 [ForkJoinPool-1-worker-1] WARN  com.intuit.karate - skipping bootstrap configuration: could not find or read file: classpath:karate-config.js
00:48:30.664 [ForkJoinPool-1-worker-1] DEBUG com.intuit.karate - request:
1 > POST https://reqres.in/api/users
1 > Accept-Encoding: gzip,deflate
1 > Connection: Keep-Alive
1 > Content-Length: 34
1 > Content-Type: application/json; charset=UTF-8
1 > Host: reqres.in
1 > User-Agent: Apache-HttpClient/4.5.5 (Java/1.8.0_241)
{"name":"morpheus","job":"leader"}

00:48:32.023 [ForkJoinPool-1-worker-1] DEBUG com.intuit.karate - response time in milliseconds: 1355.92
1 < 201
1 < Access-Control-Allow-Origin: *
1 < CF-Cache-Status: DYNAMIC
1 < CF-RAY: 5a88cb924df00736-LHR
1 < Connection: keep-alive
1 < Content-Length: 83
1 < Content-Type: application/json; charset=utf-8
1 < Date: Wed, 24 Jun 2020 19:18:32 GMT
1 < Etag: W/"53-Hk2BbJMkUr+fhTpSkfppOj2sXNY"
1 < Expect-CT: max-age=604800, report-uri="https://report-uri.cloudflare.com/cdn-cgi/beacon/expect-ct"
1 < Server: cloudflare
1 < Set-Cookie: __cfduid=de3d8de1ea91f0f0cb796b5bec283b4831593026312; expires=Fri, 24-Jul-20 19:18:32 GMT; path=/; domain=.reqres.in; HttpOnly; SameSite=Lax; Secure
1 < Via: 1.1 vegur
1 < X-Powered-By: Express
1 < cf-request-id: 03895d8f7100000736ee2b0200000001
{"name":"morpheus","job":"leader","id":"33","createdAt":"2020-06-24T19:18:32.083Z"}

00:48:32.090 [pool-1-thread-3] INFO  com.intuit.karate.Runner - <<pass>> feature 3 of 3: src/main/java/com/an/qa/Features/userDetailsPost.feature
00:49:24.723 [ForkJoinPool-1-worker-1] WARN  com.intuit.karate - skipping bootstrap configuration: could not find or read file: classpath:karate-config.js
00:49:25.595 [ForkJoinPool-1-worker-1] DEBUG com.intuit.karate - request:
1 > POST https://reqres.in/api/users
1 > Accept-Encoding: gzip,deflate
1 > Connection: Keep-Alive
1 > Content-Length: 34
1 > Content-Type: application/json; charset=UTF-8
1 > Host: reqres.in
1 > User-Agent: Apache-HttpClient/4.5.5 (Java/1.8.0_241)
{"name":"morpheus","job":"leader"}

00:49:26.494 [ForkJoinPool-1-worker-1] DEBUG com.intuit.karate - response time in milliseconds: 897.15
1 < 201
1 < Access-Control-Allow-Origin: *
1 < CF-Cache-Status: DYNAMIC
1 < CF-RAY: 5a88cce6db35ce1f-LHR
1 < Connection: keep-alive
1 < Content-Length: 84
1 < Content-Type: application/json; charset=utf-8
1 < Date: Wed, 24 Jun 2020 19:19:26 GMT
1 < Etag: W/"54-jJod2TK11/T1YP+DoBzUr9bWqm4"
1 < Expect-CT: max-age=604800, report-uri="https://report-uri.cloudflare.com/cdn-cgi/beacon/expect-ct"
1 < Server: cloudflare
1 < Set-Cookie: __cfduid=d3cc9a6a34900f523d4ec6ced319dcd9f1593026366; expires=Fri, 24-Jul-20 19:19:26 GMT; path=/; domain=.reqres.in; HttpOnly; SameSite=Lax; Secure
1 < Via: 1.1 vegur
1 < X-Powered-By: Express
1 < cf-request-id: 03895e64490000ce1f8e9c1200000001
{"name":"morpheus","job":"leader","id":"337","createdAt":"2020-06-24T19:19:26.574Z"}

00:49:26.498 [ForkJoinPool-1-worker-1] INFO  com.intuit.karate - [print] {
  "name": "morpheus",
  "job": "leader",
  "id": "337",
  "createdAt": "2020-06-24T19:19:26.574Z"
}

00:49:26.592 [pool-1-thread-3] INFO  com.intuit.karate.Runner - <<pass>> feature 3 of 3: src/main/java/com/an/qa/Features/userDetailsPost.feature
00:54:47.822 [ForkJoinPool-1-worker-1] WARN  com.intuit.karate - skipping bootstrap configuration: could not find or read file: classpath:karate-config.js
00:54:49.434 [ForkJoinPool-1-worker-1] DEBUG com.intuit.karate - request:
1 > POST https://reqres.in/api/users
1 > Accept: application/json
1 > Accept-Encoding: gzip,deflate
1 > Connection: Keep-Alive
1 > Content-Length: 34
1 > Content-Type: application/json; charset=UTF-8
1 > Host: reqres.in
1 > User-Agent: Apache-HttpClient/4.5.5 (Java/1.8.0_241)
{"name":"morpheus","job":"leader"}

00:54:50.541 [ForkJoinPool-1-worker-1] DEBUG com.intuit.karate - response time in milliseconds: 1104.24
1 < 201
1 < Access-Control-Allow-Origin: *
1 < CF-Cache-Status: DYNAMIC
1 < CF-RAY: 5a88d4cfee18ce8f-LHR
1 < Connection: keep-alive
1 < Content-Length: 84
1 < Content-Type: application/json; charset=utf-8
1 < Date: Wed, 24 Jun 2020 19:24:50 GMT
1 < Etag: W/"54-8Y08LyHPlhV9mZZj8FKzyVtsjLM"
1 < Expect-CT: max-age=604800, report-uri="https://report-uri.cloudflare.com/cdn-cgi/beacon/expect-ct"
1 < Server: cloudflare
1 < Set-Cookie: __cfduid=de58558f8fd622d99ded7ae3ccd2610441593026690; expires=Fri, 24-Jul-20 19:24:50 GMT; path=/; domain=.reqres.in; HttpOnly; SameSite=Lax; Secure
1 < Via: 1.1 vegur
1 < X-Powered-By: Express
1 < cf-request-id: 03896355f30000ce8f3d2e6200000001
{"name":"morpheus","job":"leader","id":"794","createdAt":"2020-06-24T19:24:50.594Z"}

00:54:50.544 [ForkJoinPool-1-worker-1] INFO  com.intuit.karate - [print] {
  "name": "morpheus",
  "job": "leader",
  "id": "794",
  "createdAt": "2020-06-24T19:24:50.594Z"
}

00:54:50.824 [pool-1-thread-3] INFO  com.intuit.karate.Runner - <<pass>> feature 3 of 3: src/main/java/com/an/qa/Features/userDetailsPost.feature
00:59:14.417 [ForkJoinPool-1-worker-1] WARN  com.intuit.karate - skipping bootstrap configuration: could not find or read file: classpath:karate-config.js
00:59:15.717 [ForkJoinPool-1-worker-1] DEBUG com.intuit.karate - request:
1 > POST https://reqres.in/api/users?delay=3
1 > Accept: application/json
1 > Accept-Encoding: gzip,deflate
1 > Connection: Keep-Alive
1 > Content-Length: 34
1 > Content-Type: application/json; charset=UTF-8
1 > Host: reqres.in
1 > User-Agent: Apache-HttpClient/4.5.5 (Java/1.8.0_241)
{"name":"morpheus","job":"leader"}

00:59:19.662 [ForkJoinPool-1-worker-1] DEBUG com.intuit.karate - response time in milliseconds: 3941.60
1 < 201
1 < Access-Control-Allow-Origin: *
1 < CF-Cache-Status: DYNAMIC
1 < CF-RAY: 5a88db4f6c5dce3b-LHR
1 < Connection: keep-alive
1 < Content-Length: 84
1 < Content-Type: application/json; charset=utf-8
1 < Date: Wed, 24 Jun 2020 19:29:19 GMT
1 < Etag: W/"54-+udXFaxES7adNoawFkcHSIbLpA4"
1 < Expect-CT: max-age=604800, report-uri="https://report-uri.cloudflare.com/cdn-cgi/beacon/expect-ct"
1 < Server: cloudflare
1 < Set-Cookie: __cfduid=db7c8e86fb587312ea2bd60c9fcde616c1593026956; expires=Fri, 24-Jul-20 19:29:16 GMT; path=/; domain=.reqres.in; HttpOnly; SameSite=Lax; Secure
1 < Via: 1.1 vegur
1 < X-Powered-By: Express
1 < cf-request-id: 03896765a10000ce3bdd30f200000001
{"name":"morpheus","job":"leader","id":"792","createdAt":"2020-06-24T19:29:19.743Z"}

00:59:19.665 [ForkJoinPool-1-worker-1] INFO  com.intuit.karate - [print] {
  "name": "morpheus",
  "job": "leader",
  "id": "792",
  "createdAt": "2020-06-24T19:29:19.743Z"
}

00:59:19.729 [pool-1-thread-3] INFO  com.intuit.karate.Runner - <<pass>> feature 3 of 3: src/main/java/com/an/qa/Features/userDetailsPost.feature
